[debug] [2024-06-06T16:12:46.029Z] ----------------------------------------------------------------------
[debug] [2024-06-06T16:12:46.033Z] Command:       /usr/local/bin/node /usr/local/bin/firebase deploy --only functions
[debug] [2024-06-06T16:12:46.034Z] CLI Version:   13.11.0
[debug] [2024-06-06T16:12:46.034Z] Platform:      darwin
[debug] [2024-06-06T16:12:46.034Z] Node Version:  v20.11.0
[debug] [2024-06-06T16:12:46.034Z] Time:          Thu Jun 06 2024 18:12:46 GMT+0200 (Central European Summer Time)
[debug] [2024-06-06T16:12:46.035Z] ----------------------------------------------------------------------
[debug] 
[debug] [2024-06-06T16:12:46.140Z] > command requires scopes: ["email","openid","https://www.googleapis.com/auth/cloudplatformprojects.readonly","https://www.googleapis.com/auth/firebase","https://www.googleapis.com/auth/cloud-platform"]
[debug] [2024-06-06T16:12:46.141Z] > authorizing via signed-in user (piterduck@gmail.com)
[debug] [2024-06-06T16:12:46.141Z] [iam] checking project vinilapp-c328e for permissions ["cloudfunctions.functions.create","cloudfunctions.functions.delete","cloudfunctions.functions.get","cloudfunctions.functions.list","cloudfunctions.functions.update","cloudfunctions.operations.get","firebase.projects.get"]
[debug] [2024-06-06T16:12:46.144Z] >>> [apiv2][query] POST https://cloudresourcemanager.googleapis.com/v1/projects/vinilapp-c328e:testIamPermissions [none]
[debug] [2024-06-06T16:12:46.145Z] >>> [apiv2][(partial)header] POST https://cloudresourcemanager.googleapis.com/v1/projects/vinilapp-c328e:testIamPermissions x-goog-quota-user=projects/vinilapp-c328e
[debug] [2024-06-06T16:12:46.145Z] >>> [apiv2][body] POST https://cloudresourcemanager.googleapis.com/v1/projects/vinilapp-c328e:testIamPermissions {"permissions":["cloudfunctions.functions.create","cloudfunctions.functions.delete","cloudfunctions.functions.get","cloudfunctions.functions.list","cloudfunctions.functions.update","cloudfunctions.operations.get","firebase.projects.get"]}
[debug] [2024-06-06T16:12:47.220Z] <<< [apiv2][status] POST https://cloudresourcemanager.googleapis.com/v1/projects/vinilapp-c328e:testIamPermissions 200
[debug] [2024-06-06T16:12:47.221Z] <<< [apiv2][body] POST https://cloudresourcemanager.googleapis.com/v1/projects/vinilapp-c328e:testIamPermissions {"permissions":["cloudfunctions.functions.create","cloudfunctions.functions.delete","cloudfunctions.functions.get","cloudfunctions.functions.list","cloudfunctions.functions.update","cloudfunctions.operations.get","firebase.projects.get"]}
[debug] [2024-06-06T16:12:47.221Z] >>> [apiv2][query] POST https://iam.googleapis.com/v1/projects/vinilapp-c328e/serviceAccounts/vinilapp-c328e@appspot.gserviceaccount.com:testIamPermissions [none]
[debug] [2024-06-06T16:12:47.221Z] >>> [apiv2][body] POST https://iam.googleapis.com/v1/projects/vinilapp-c328e/serviceAccounts/vinilapp-c328e@appspot.gserviceaccount.com:testIamPermissions {"permissions":["iam.serviceAccounts.actAs"]}
[debug] [2024-06-06T16:12:48.204Z] <<< [apiv2][status] POST https://iam.googleapis.com/v1/projects/vinilapp-c328e/serviceAccounts/vinilapp-c328e@appspot.gserviceaccount.com:testIamPermissions 200
[debug] [2024-06-06T16:12:48.204Z] <<< [apiv2][body] POST https://iam.googleapis.com/v1/projects/vinilapp-c328e/serviceAccounts/vinilapp-c328e@appspot.gserviceaccount.com:testIamPermissions {"permissions":["iam.serviceAccounts.actAs"]}
[info] 
[info] === Deploying to 'vinilapp-c328e'...
[info] 
[info] i  deploying functions 
[info] Running command: npm --prefix "$RESOURCE_DIR" run lint
[info] ✔  functions: Finished running predeploy script. 
[debug] [2024-06-06T16:12:49.574Z] >>> [apiv2][query] GET https://firebase.googleapis.com/v1beta1/projects/vinilapp-c328e [none]
[debug] [2024-06-06T16:12:49.974Z] <<< [apiv2][status] GET https://firebase.googleapis.com/v1beta1/projects/vinilapp-c328e 200
[debug] [2024-06-06T16:12:49.975Z] <<< [apiv2][body] GET https://firebase.googleapis.com/v1beta1/projects/vinilapp-c328e {"projectId":"vinilapp-c328e","projectNumber":"39178525801","displayName":"VinilApp","name":"projects/vinilapp-c328e","resources":{"hostingSite":"vinilapp-c328e","realtimeDatabaseInstance":"vinilapp-c328e-default-rtdb","storageBucket":"vinilapp-c328e.appspot.com","locationId":"europe-west"},"state":"ACTIVE","etag":"1_2df9c050-600a-46b8-836b-f74fa72e7183"}
[info] i  functions: preparing codebase default for deployment 
[info] i  functions: ensuring required API cloudfunctions.googleapis.com is enabled... 
[info] i  functions: ensuring required API cloudbuild.googleapis.com is enabled... 
[info] i  artifactregistry: ensuring required API artifactregistry.googleapis.com is enabled... 
[debug] [2024-06-06T16:12:49.978Z] >>> [apiv2][query] GET https://serviceusage.googleapis.com/v1/projects/vinilapp-c328e/services/cloudfunctions.googleapis.com [none]
[debug] [2024-06-06T16:12:49.978Z] >>> [apiv2][(partial)header] GET https://serviceusage.googleapis.com/v1/projects/vinilapp-c328e/services/cloudfunctions.googleapis.com x-goog-quota-user=projects/vinilapp-c328e
[debug] [2024-06-06T16:12:49.980Z] >>> [apiv2][query] GET https://serviceusage.googleapis.com/v1/projects/vinilapp-c328e/services/runtimeconfig.googleapis.com [none]
[debug] [2024-06-06T16:12:49.980Z] >>> [apiv2][(partial)header] GET https://serviceusage.googleapis.com/v1/projects/vinilapp-c328e/services/runtimeconfig.googleapis.com x-goog-quota-user=projects/vinilapp-c328e
[debug] [2024-06-06T16:12:49.982Z] >>> [apiv2][query] GET https://serviceusage.googleapis.com/v1/projects/vinilapp-c328e/services/cloudbuild.googleapis.com [none]
[debug] [2024-06-06T16:12:49.982Z] >>> [apiv2][(partial)header] GET https://serviceusage.googleapis.com/v1/projects/vinilapp-c328e/services/cloudbuild.googleapis.com x-goog-quota-user=projects/vinilapp-c328e
[debug] [2024-06-06T16:12:49.984Z] >>> [apiv2][query] GET https://serviceusage.googleapis.com/v1/projects/vinilapp-c328e/services/artifactregistry.googleapis.com [none]
[debug] [2024-06-06T16:12:49.984Z] >>> [apiv2][(partial)header] GET https://serviceusage.googleapis.com/v1/projects/vinilapp-c328e/services/artifactregistry.googleapis.com x-goog-quota-user=projects/vinilapp-c328e
[debug] [2024-06-06T16:12:51.125Z] <<< [apiv2][status] GET https://serviceusage.googleapis.com/v1/projects/vinilapp-c328e/services/runtimeconfig.googleapis.com 200
[debug] [2024-06-06T16:12:51.125Z] <<< [apiv2][body] GET https://serviceusage.googleapis.com/v1/projects/vinilapp-c328e/services/runtimeconfig.googleapis.com [omitted]
[debug] [2024-06-06T16:12:51.195Z] <<< [apiv2][status] GET https://serviceusage.googleapis.com/v1/projects/vinilapp-c328e/services/cloudbuild.googleapis.com 200
[debug] [2024-06-06T16:12:51.195Z] <<< [apiv2][body] GET https://serviceusage.googleapis.com/v1/projects/vinilapp-c328e/services/cloudbuild.googleapis.com [omitted]
[warn] ⚠  functions: missing required API cloudbuild.googleapis.com. Enabling now... 
[debug] [2024-06-06T16:12:51.196Z] >>> [apiv2][query] POST https://serviceusage.googleapis.com/v1/projects/vinilapp-c328e/services/cloudbuild.googleapis.com:enable [none]
[debug] [2024-06-06T16:12:51.196Z] >>> [apiv2][(partial)header] POST https://serviceusage.googleapis.com/v1/projects/vinilapp-c328e/services/cloudbuild.googleapis.com:enable x-goog-quota-user=projects/vinilapp-c328e
[debug] [2024-06-06T16:12:51.199Z] <<< [apiv2][status] GET https://serviceusage.googleapis.com/v1/projects/vinilapp-c328e/services/cloudfunctions.googleapis.com 200
[debug] [2024-06-06T16:12:51.199Z] <<< [apiv2][body] GET https://serviceusage.googleapis.com/v1/projects/vinilapp-c328e/services/cloudfunctions.googleapis.com [omitted]
[info] ✔  functions: required API cloudfunctions.googleapis.com is enabled 
[debug] [2024-06-06T16:12:51.201Z] <<< [apiv2][status] GET https://serviceusage.googleapis.com/v1/projects/vinilapp-c328e/services/artifactregistry.googleapis.com 200
[debug] [2024-06-06T16:12:51.202Z] <<< [apiv2][body] GET https://serviceusage.googleapis.com/v1/projects/vinilapp-c328e/services/artifactregistry.googleapis.com [omitted]
[warn] ⚠  artifactregistry: missing required API artifactregistry.googleapis.com. Enabling now... 
[debug] [2024-06-06T16:12:51.202Z] >>> [apiv2][query] POST https://serviceusage.googleapis.com/v1/projects/vinilapp-c328e/services/artifactregistry.googleapis.com:enable [none]
[debug] [2024-06-06T16:12:51.202Z] >>> [apiv2][(partial)header] POST https://serviceusage.googleapis.com/v1/projects/vinilapp-c328e/services/artifactregistry.googleapis.com:enable x-goog-quota-user=projects/vinilapp-c328e
[debug] [2024-06-06T16:12:51.954Z] <<< [apiv2][status] POST https://serviceusage.googleapis.com/v1/projects/vinilapp-c328e/services/cloudbuild.googleapis.com:enable 200
[debug] [2024-06-06T16:12:51.954Z] <<< [apiv2][body] POST https://serviceusage.googleapis.com/v1/projects/vinilapp-c328e/services/cloudbuild.googleapis.com:enable [omitted]
[debug] [2024-06-06T16:12:52.943Z] <<< [apiv2][status] POST https://serviceusage.googleapis.com/v1/projects/vinilapp-c328e/services/artifactregistry.googleapis.com:enable 200
[debug] [2024-06-06T16:12:52.943Z] <<< [apiv2][body] POST https://serviceusage.googleapis.com/v1/projects/vinilapp-c328e/services/artifactregistry.googleapis.com:enable [omitted]
[debug] [2024-06-06T16:13:01.959Z] >>> [apiv2][query] GET https://serviceusage.googleapis.com/v1/projects/vinilapp-c328e/services/cloudbuild.googleapis.com [none]
[debug] [2024-06-06T16:13:01.959Z] >>> [apiv2][(partial)header] GET https://serviceusage.googleapis.com/v1/projects/vinilapp-c328e/services/cloudbuild.googleapis.com x-goog-quota-user=projects/vinilapp-c328e
[debug] [2024-06-06T16:13:02.944Z] >>> [apiv2][query] GET https://serviceusage.googleapis.com/v1/projects/vinilapp-c328e/services/artifactregistry.googleapis.com [none]
[debug] [2024-06-06T16:13:02.945Z] >>> [apiv2][(partial)header] GET https://serviceusage.googleapis.com/v1/projects/vinilapp-c328e/services/artifactregistry.googleapis.com x-goog-quota-user=projects/vinilapp-c328e
[debug] [2024-06-06T16:13:03.061Z] <<< [apiv2][status] GET https://serviceusage.googleapis.com/v1/projects/vinilapp-c328e/services/cloudbuild.googleapis.com 200
[debug] [2024-06-06T16:13:03.062Z] <<< [apiv2][body] GET https://serviceusage.googleapis.com/v1/projects/vinilapp-c328e/services/cloudbuild.googleapis.com [omitted]
[info] ✔  functions: required API cloudbuild.googleapis.com is enabled 
[debug] [2024-06-06T16:13:04.158Z] <<< [apiv2][status] GET https://serviceusage.googleapis.com/v1/projects/vinilapp-c328e/services/artifactregistry.googleapis.com 200
[debug] [2024-06-06T16:13:04.158Z] <<< [apiv2][body] GET https://serviceusage.googleapis.com/v1/projects/vinilapp-c328e/services/artifactregistry.googleapis.com [omitted]
[info] ✔  artifactregistry: required API artifactregistry.googleapis.com is enabled 
[debug] [2024-06-06T16:13:04.160Z] >>> [apiv2][query] GET https://firebase.googleapis.com/v1beta1/projects/vinilapp-c328e/adminSdkConfig [none]
[debug] [2024-06-06T16:13:05.003Z] <<< [apiv2][status] GET https://firebase.googleapis.com/v1beta1/projects/vinilapp-c328e/adminSdkConfig 200
[debug] [2024-06-06T16:13:05.003Z] <<< [apiv2][body] GET https://firebase.googleapis.com/v1beta1/projects/vinilapp-c328e/adminSdkConfig {"projectId":"vinilapp-c328e","databaseURL":"https://vinilapp-c328e-default-rtdb.europe-west1.firebasedatabase.app","storageBucket":"vinilapp-c328e.appspot.com","locationId":"europe-west"}
[debug] [2024-06-06T16:13:05.004Z] >>> [apiv2][query] GET https://runtimeconfig.googleapis.com/v1beta1/projects/vinilapp-c328e/configs [none]
[debug] [2024-06-06T16:13:05.403Z] <<< [apiv2][status] GET https://runtimeconfig.googleapis.com/v1beta1/projects/vinilapp-c328e/configs 200
[debug] [2024-06-06T16:13:05.403Z] <<< [apiv2][body] GET https://runtimeconfig.googleapis.com/v1beta1/projects/vinilapp-c328e/configs {}
[debug] [2024-06-06T16:13:05.405Z] Validating nodejs source
[debug] [2024-06-06T16:13:07.152Z] > [functions] package.json contents: {
  "name": "functions",
  "description": "Cloud Functions for Firebase",
  "scripts": {
    "lint": "eslint .",
    "serve": "firebase emulators:start --only functions",
    "shell": "firebase functions:shell",
    "start": "npm run shell",
    "deploy": "firebase deploy --only functions",
    "logs": "firebase functions:log"
  },
  "engines": {
    "node": "18"
  },
  "main": "index.js",
  "dependencies": {
    "firebase-admin": "^12.1.0",
    "firebase-functions": "^5.0.0",
    "express": "^4.17.1"
  },
  "devDependencies": {
    "eslint": "^8.15.0",
    "eslint-config-google": "^0.14.0",
    "firebase-functions-test": "^3.3.0"
  },
  "private": true
}
[debug] [2024-06-06T16:13:07.153Z] Building nodejs source
[info] i  functions: Loading and analyzing source code for codebase default to determine what to deploy 
[debug] [2024-06-06T16:13:07.155Z] Could not find functions.yaml. Must use http discovery
[debug] [2024-06-06T16:13:07.171Z] Found firebase-functions binary at '/Users/piterduck/AndroidStudioProjects/VinilaApp_v3/functions/node_modules/.bin/firebase-functions'
[info] Serving at port 8267

[debug] [2024-06-06T16:13:07.875Z] Got response from /__/functions.yaml {"endpoints":{"app":{"availableMemoryMb":null,"timeoutSeconds":null,"minInstances":null,"maxInstances":null,"ingressSettings":null,"concurrency":null,"serviceAccountEmail":null,"vpc":null,"platform":"gcfv2","labels":{},"httpsTrigger":{},"entryPoint":"app"}},"specVersion":"v1alpha1","requiredAPIs":[]}
[info] i  functions: preparing functions directory for uploading... 
[info] i  functions: packaged /Users/piterduck/AndroidStudioProjects/VinilaApp_v3/functions (43.02 KB) for uploading 
[debug] [2024-06-06T16:13:12.968Z] >>> [apiv2][query] GET https://cloudfunctions.googleapis.com/v1/projects/vinilapp-c328e/locations/-/functions [none]
[debug] [2024-06-06T16:13:13.702Z] <<< [apiv2][status] GET https://cloudfunctions.googleapis.com/v1/projects/vinilapp-c328e/locations/-/functions 200
[debug] [2024-06-06T16:13:13.703Z] <<< [apiv2][body] GET https://cloudfunctions.googleapis.com/v1/projects/vinilapp-c328e/locations/-/functions {}
[debug] [2024-06-06T16:13:13.707Z] >>> [apiv2][query] GET https://cloudfunctions.googleapis.com/v2/projects/vinilapp-c328e/locations/-/functions filter=environment%3D%22GEN_2%22
[debug] [2024-06-06T16:13:14.819Z] <<< [apiv2][status] GET https://cloudfunctions.googleapis.com/v2/projects/vinilapp-c328e/locations/-/functions 200
[debug] [2024-06-06T16:13:14.820Z] <<< [apiv2][body] GET https://cloudfunctions.googleapis.com/v2/projects/vinilapp-c328e/locations/-/functions {}
[info] i  functions: ensuring required API run.googleapis.com is enabled... 
[info] i  functions: ensuring required API eventarc.googleapis.com is enabled... 
[info] i  functions: ensuring required API pubsub.googleapis.com is enabled... 
[info] i  functions: ensuring required API storage.googleapis.com is enabled... 
[debug] [2024-06-06T16:13:14.824Z] >>> [apiv2][query] GET https://serviceusage.googleapis.com/v1/projects/vinilapp-c328e/services/run.googleapis.com [none]
[debug] [2024-06-06T16:13:14.824Z] >>> [apiv2][(partial)header] GET https://serviceusage.googleapis.com/v1/projects/vinilapp-c328e/services/run.googleapis.com x-goog-quota-user=projects/vinilapp-c328e
[debug] [2024-06-06T16:13:14.827Z] >>> [apiv2][query] GET https://serviceusage.googleapis.com/v1/projects/vinilapp-c328e/services/eventarc.googleapis.com [none]
[debug] [2024-06-06T16:13:14.827Z] >>> [apiv2][(partial)header] GET https://serviceusage.googleapis.com/v1/projects/vinilapp-c328e/services/eventarc.googleapis.com x-goog-quota-user=projects/vinilapp-c328e
[debug] [2024-06-06T16:13:14.829Z] >>> [apiv2][query] GET https://serviceusage.googleapis.com/v1/projects/vinilapp-c328e/services/pubsub.googleapis.com [none]
[debug] [2024-06-06T16:13:14.829Z] >>> [apiv2][(partial)header] GET https://serviceusage.googleapis.com/v1/projects/vinilapp-c328e/services/pubsub.googleapis.com x-goog-quota-user=projects/vinilapp-c328e
[debug] [2024-06-06T16:13:14.832Z] >>> [apiv2][query] GET https://serviceusage.googleapis.com/v1/projects/vinilapp-c328e/services/storage.googleapis.com [none]
[debug] [2024-06-06T16:13:14.832Z] >>> [apiv2][(partial)header] GET https://serviceusage.googleapis.com/v1/projects/vinilapp-c328e/services/storage.googleapis.com x-goog-quota-user=projects/vinilapp-c328e
[debug] [2024-06-06T16:13:15.943Z] <<< [apiv2][status] GET https://serviceusage.googleapis.com/v1/projects/vinilapp-c328e/services/run.googleapis.com 200
[debug] [2024-06-06T16:13:15.943Z] <<< [apiv2][body] GET https://serviceusage.googleapis.com/v1/projects/vinilapp-c328e/services/run.googleapis.com [omitted]
[warn] ⚠  functions: missing required API run.googleapis.com. Enabling now... 
[debug] [2024-06-06T16:13:15.943Z] >>> [apiv2][query] POST https://serviceusage.googleapis.com/v1/projects/vinilapp-c328e/services/run.googleapis.com:enable [none]
[debug] [2024-06-06T16:13:15.943Z] >>> [apiv2][(partial)header] POST https://serviceusage.googleapis.com/v1/projects/vinilapp-c328e/services/run.googleapis.com:enable x-goog-quota-user=projects/vinilapp-c328e
[debug] [2024-06-06T16:13:15.946Z] <<< [apiv2][status] GET https://serviceusage.googleapis.com/v1/projects/vinilapp-c328e/services/pubsub.googleapis.com 200
[debug] [2024-06-06T16:13:15.946Z] <<< [apiv2][body] GET https://serviceusage.googleapis.com/v1/projects/vinilapp-c328e/services/pubsub.googleapis.com [omitted]
[info] ✔  functions: required API pubsub.googleapis.com is enabled 
[debug] [2024-06-06T16:13:15.954Z] <<< [apiv2][status] GET https://serviceusage.googleapis.com/v1/projects/vinilapp-c328e/services/storage.googleapis.com 200
[debug] [2024-06-06T16:13:15.955Z] <<< [apiv2][body] GET https://serviceusage.googleapis.com/v1/projects/vinilapp-c328e/services/storage.googleapis.com [omitted]
[info] ✔  functions: required API storage.googleapis.com is enabled 
[debug] [2024-06-06T16:13:15.965Z] <<< [apiv2][status] GET https://serviceusage.googleapis.com/v1/projects/vinilapp-c328e/services/eventarc.googleapis.com 200
[debug] [2024-06-06T16:13:15.965Z] <<< [apiv2][body] GET https://serviceusage.googleapis.com/v1/projects/vinilapp-c328e/services/eventarc.googleapis.com [omitted]
[warn] ⚠  functions: missing required API eventarc.googleapis.com. Enabling now... 
[debug] [2024-06-06T16:13:15.966Z] >>> [apiv2][query] POST https://serviceusage.googleapis.com/v1/projects/vinilapp-c328e/services/eventarc.googleapis.com:enable [none]
[debug] [2024-06-06T16:13:15.966Z] >>> [apiv2][(partial)header] POST https://serviceusage.googleapis.com/v1/projects/vinilapp-c328e/services/eventarc.googleapis.com:enable x-goog-quota-user=projects/vinilapp-c328e
[debug] [2024-06-06T16:13:17.216Z] <<< [apiv2][status] POST https://serviceusage.googleapis.com/v1/projects/vinilapp-c328e/services/eventarc.googleapis.com:enable 200
[debug] [2024-06-06T16:13:17.216Z] <<< [apiv2][body] POST https://serviceusage.googleapis.com/v1/projects/vinilapp-c328e/services/eventarc.googleapis.com:enable [omitted]
[debug] [2024-06-06T16:13:17.349Z] <<< [apiv2][status] POST https://serviceusage.googleapis.com/v1/projects/vinilapp-c328e/services/run.googleapis.com:enable 200
[debug] [2024-06-06T16:13:17.349Z] <<< [apiv2][body] POST https://serviceusage.googleapis.com/v1/projects/vinilapp-c328e/services/run.googleapis.com:enable [omitted]
[debug] [2024-06-06T16:13:27.217Z] >>> [apiv2][query] GET https://serviceusage.googleapis.com/v1/projects/vinilapp-c328e/services/eventarc.googleapis.com [none]
[debug] [2024-06-06T16:13:27.217Z] >>> [apiv2][(partial)header] GET https://serviceusage.googleapis.com/v1/projects/vinilapp-c328e/services/eventarc.googleapis.com x-goog-quota-user=projects/vinilapp-c328e
[debug] [2024-06-06T16:13:27.350Z] >>> [apiv2][query] GET https://serviceusage.googleapis.com/v1/projects/vinilapp-c328e/services/run.googleapis.com [none]
[debug] [2024-06-06T16:13:27.350Z] >>> [apiv2][(partial)header] GET https://serviceusage.googleapis.com/v1/projects/vinilapp-c328e/services/run.googleapis.com x-goog-quota-user=projects/vinilapp-c328e
[debug] [2024-06-06T16:13:28.346Z] <<< [apiv2][status] GET https://serviceusage.googleapis.com/v1/projects/vinilapp-c328e/services/eventarc.googleapis.com 200
[debug] [2024-06-06T16:13:28.346Z] <<< [apiv2][body] GET https://serviceusage.googleapis.com/v1/projects/vinilapp-c328e/services/eventarc.googleapis.com [omitted]
[info] ✔  functions: required API eventarc.googleapis.com is enabled 
[debug] [2024-06-06T16:13:28.501Z] <<< [apiv2][status] GET https://serviceusage.googleapis.com/v1/projects/vinilapp-c328e/services/run.googleapis.com 200
[debug] [2024-06-06T16:13:28.501Z] <<< [apiv2][body] GET https://serviceusage.googleapis.com/v1/projects/vinilapp-c328e/services/run.googleapis.com [omitted]
[info] ✔  functions: required API run.googleapis.com is enabled 
[info] i  functions: generating the service identity for pubsub.googleapis.com... 
[info] i  functions: generating the service identity for eventarc.googleapis.com... 
[debug] [2024-06-06T16:13:28.503Z] >>> [apiv2][query] POST https://serviceusage.googleapis.com/v1beta1/projects/39178525801/services/pubsub.googleapis.com:generateServiceIdentity [none]
[debug] [2024-06-06T16:13:28.504Z] >>> [apiv2][query] POST https://serviceusage.googleapis.com/v1beta1/projects/39178525801/services/eventarc.googleapis.com:generateServiceIdentity [none]
[debug] [2024-06-06T16:13:29.654Z] <<< [apiv2][status] POST https://serviceusage.googleapis.com/v1beta1/projects/39178525801/services/pubsub.googleapis.com:generateServiceIdentity 200
[debug] [2024-06-06T16:13:29.654Z] <<< [apiv2][body] POST https://serviceusage.googleapis.com/v1beta1/projects/39178525801/services/pubsub.googleapis.com:generateServiceIdentity {"name":"operations/finished.DONE_OPERATION","done":true,"response":{"@type":"type.googleapis.com/google.api.serviceusage.v1beta1.ServiceIdentity","email":"service-39178525801@gcp-sa-pubsub.iam.gserviceaccount.com","uniqueId":"112378201555284260800"}}
[debug] [2024-06-06T16:13:30.289Z] <<< [apiv2][status] POST https://serviceusage.googleapis.com/v1beta1/projects/39178525801/services/eventarc.googleapis.com:generateServiceIdentity 200
[debug] [2024-06-06T16:13:30.289Z] <<< [apiv2][body] POST https://serviceusage.googleapis.com/v1beta1/projects/39178525801/services/eventarc.googleapis.com:generateServiceIdentity {"name":"operations/finished.DONE_OPERATION","done":true,"response":{"@type":"type.googleapis.com/google.api.serviceusage.v1beta1.ServiceIdentity","email":"service-39178525801@gcp-sa-eventarc.iam.gserviceaccount.com","uniqueId":"106652107745890510109"}}
[debug] [2024-06-06T16:13:30.292Z] >>> [apiv2][query] GET https://firebase.googleapis.com/v1beta1/projects/vinilapp-c328e [none]
[debug] [2024-06-06T16:13:30.699Z] <<< [apiv2][status] GET https://firebase.googleapis.com/v1beta1/projects/vinilapp-c328e 200
[debug] [2024-06-06T16:13:30.699Z] <<< [apiv2][body] GET https://firebase.googleapis.com/v1beta1/projects/vinilapp-c328e {"projectId":"vinilapp-c328e","projectNumber":"39178525801","displayName":"VinilApp","name":"projects/vinilapp-c328e","resources":{"hostingSite":"vinilapp-c328e","realtimeDatabaseInstance":"vinilapp-c328e-default-rtdb","storageBucket":"vinilapp-c328e.appspot.com","locationId":"europe-west"},"state":"ACTIVE","etag":"1_2df9c050-600a-46b8-836b-f74fa72e7183"}
[debug] [2024-06-06T16:13:30.701Z] [functions] found 1 new HTTP functions, testing setIamPolicy permission...
[debug] [2024-06-06T16:13:30.701Z] >>> [apiv2][query] POST https://cloudresourcemanager.googleapis.com/v1/projects/vinilapp-c328e:testIamPermissions [none]
[debug] [2024-06-06T16:13:30.701Z] >>> [apiv2][(partial)header] POST https://cloudresourcemanager.googleapis.com/v1/projects/vinilapp-c328e:testIamPermissions x-goog-quota-user=projects/vinilapp-c328e
[debug] [2024-06-06T16:13:30.701Z] >>> [apiv2][body] POST https://cloudresourcemanager.googleapis.com/v1/projects/vinilapp-c328e:testIamPermissions {"permissions":["cloudfunctions.functions.setIamPolicy"]}
[debug] [2024-06-06T16:13:31.723Z] <<< [apiv2][status] POST https://cloudresourcemanager.googleapis.com/v1/projects/vinilapp-c328e:testIamPermissions 200
[debug] [2024-06-06T16:13:31.723Z] <<< [apiv2][body] POST https://cloudresourcemanager.googleapis.com/v1/projects/vinilapp-c328e:testIamPermissions {"permissions":["cloudfunctions.functions.setIamPolicy"]}
[debug] [2024-06-06T16:13:31.723Z] [functions] found setIamPolicy permission, proceeding with deploy
[debug] [2024-06-06T16:13:31.724Z] >>> [apiv2][query] POST https://cloudfunctions.googleapis.com/v2/projects/vinilapp-c328e/locations/us-central1/functions:generateUploadUrl [none]
[debug] [2024-06-06T16:13:33.614Z] <<< [apiv2][status] POST https://cloudfunctions.googleapis.com/v2/projects/vinilapp-c328e/locations/us-central1/functions:generateUploadUrl 200
[debug] [2024-06-06T16:13:33.615Z] <<< [apiv2][body] POST https://cloudfunctions.googleapis.com/v2/projects/vinilapp-c328e/locations/us-central1/functions:generateUploadUrl {"uploadUrl":"https://storage.googleapis.com/gcf-v2-uploads-39178525801-us-central1/eb019d2f-5bb3-460e-9db7-b2e5616936d2.zip?GoogleAccessId=service-39178525801@gcf-admin-robot.iam.gserviceaccount.com&Expires=1717692213&Signature=boPe9Sb4OczWAMT%2FFWax3XaH8RRYoJb2oTzY0EsPoDKMCl%2Bwf87HLec3TSum%2BuzWaPFGpOIflOWQeD0jSetTGfkaZPcCb1A6D5ealBeChiih%2Ff83kNAqyGYC%2BTiwyjT9lCnqFUnAg5D99iZAz7HrXPFZyA0ZfwkWVUUQJkQcQ6cHg1h6OgEehwC8JhjlbXErTK0AVUMBqc2ZqrW6gdJvVMGxHQuvgEll94k229MQU0ieN58nKoxPAznpLeLUCORsKGL%2Fk3yLYyTaULFmPFf1zm7Ysv9QDCS9aZiadV1Btt1FJyOjZpeRd3K0qAj77TqB%2F6vvbsTsAggi%2BuTPlYz9dg%3D%3D","storageSource":{"bucket":"gcf-v2-uploads-39178525801-us-central1","object":"eb019d2f-5bb3-460e-9db7-b2e5616936d2.zip"}}
[debug] [2024-06-06T16:13:33.619Z] >>> [apiv2][query] PUT https://storage.googleapis.com/gcf-v2-uploads-39178525801-us-central1/eb019d2f-5bb3-460e-9db7-b2e5616936d2.zip GoogleAccessId=service-39178525801%40gcf-admin-robot.iam.gserviceaccount.com&Expires=1717692213&Signature=boPe9Sb4OczWAMT%2FFWax3XaH8RRYoJb2oTzY0EsPoDKMCl%2Bwf87HLec3TSum%2BuzWaPFGpOIflOWQeD0jSetTGfkaZPcCb1A6D5ealBeChiih%2Ff83kNAqyGYC%2BTiwyjT9lCnqFUnAg5D99iZAz7HrXPFZyA0ZfwkWVUUQJkQcQ6cHg1h6OgEehwC8JhjlbXErTK0AVUMBqc2ZqrW6gdJvVMGxHQuvgEll94k229MQU0ieN58nKoxPAznpLeLUCORsKGL%2Fk3yLYyTaULFmPFf1zm7Ysv9QDCS9aZiadV1Btt1FJyOjZpeRd3K0qAj77TqB%2F6vvbsTsAggi%2BuTPlYz9dg%3D%3D
[debug] [2024-06-06T16:13:33.620Z] >>> [apiv2][body] PUT https://storage.googleapis.com/gcf-v2-uploads-39178525801-us-central1/eb019d2f-5bb3-460e-9db7-b2e5616936d2.zip [stream]
[debug] [2024-06-06T16:13:35.084Z] <<< [apiv2][status] PUT https://storage.googleapis.com/gcf-v2-uploads-39178525801-us-central1/eb019d2f-5bb3-460e-9db7-b2e5616936d2.zip 200
[debug] [2024-06-06T16:13:35.084Z] <<< [apiv2][body] PUT https://storage.googleapis.com/gcf-v2-uploads-39178525801-us-central1/eb019d2f-5bb3-460e-9db7-b2e5616936d2.zip [omitted]
[info] ✔  functions: functions folder uploaded successfully 
[info] i  functions: creating Node.js 18 (2nd Gen) function app(us-central1)... 
[debug] [2024-06-06T16:13:35.093Z] >>> [apiv2][query] POST https://cloudfunctions.googleapis.com/v2/projects/vinilapp-c328e/locations/us-central1/functions functionId=app
[debug] [2024-06-06T16:13:35.094Z] >>> [apiv2][body] POST https://cloudfunctions.googleapis.com/v2/projects/vinilapp-c328e/locations/us-central1/functions {"name":"projects/vinilapp-c328e/locations/us-central1/functions/app","buildConfig":{"runtime":"nodejs18","entryPoint":"app","source":{"storageSource":{"bucket":"gcf-v2-uploads-39178525801-us-central1","object":"eb019d2f-5bb3-460e-9db7-b2e5616936d2.zip"}},"environmentVariables":{"GOOGLE_NODE_RUN_SCRIPTS":""}},"serviceConfig":{"environmentVariables":{"FIREBASE_CONFIG":"{\"projectId\":\"vinilapp-c328e\",\"databaseURL\":\"https://vinilapp-c328e-default-rtdb.europe-west1.firebasedatabase.app\",\"storageBucket\":\"vinilapp-c328e.appspot.com\",\"locationId\":\"europe-west\"}","GCLOUD_PROJECT":"vinilapp-c328e","EVENTARC_CLOUD_EVENT_SOURCE":"projects/vinilapp-c328e/locations/us-central1/services/app","FUNCTION_TARGET":"app"},"ingressSettings":null,"timeoutSeconds":null,"serviceAccountEmail":null,"availableMemory":"256Mi","minInstanceCount":null,"maxInstanceCount":null,"maxInstanceRequestConcurrency":80,"availableCpu":"1","vpcConnector":null,"vpcConnectorEgressSettings":null},"labels":{"deployment-tool":"cli-firebase","firebase-functions-hash":"7a52a147778bc63e1c0075e448362cc9767daaf5"}}
[debug] [2024-06-06T16:13:36.928Z] <<< [apiv2][status] POST https://cloudfunctions.googleapis.com/v2/projects/vinilapp-c328e/locations/us-central1/functions 200
[debug] [2024-06-06T16:13:36.929Z] <<< [apiv2][body] POST https://cloudfunctions.googleapis.com/v2/projects/vinilapp-c328e/locations/us-central1/functions {"name":"projects/vinilapp-c328e/locations/us-central1/operations/operation-1717690415835-61a3af711e8ad-143c0e97-8eb9ce60","metadata":{"@type":"type.googleapis.com/google.cloud.functions.v2.OperationMetadata","createTime":"2024-06-06T16:13:36.841971235Z","target":"projects/vinilapp-c328e/locations/us-central1/functions/app","verb":"create","cancelRequested":false,"apiVersion":"v2"},"done":false}
[debug] [2024-06-06T16:13:36.930Z] >>> [apiv2][query] GET https://cloudfunctions.googleapis.com/v2/projects/vinilapp-c328e/locations/us-central1/operations/operation-1717690415835-61a3af711e8ad-143c0e97-8eb9ce60 [none]
[debug] [2024-06-06T16:13:37.742Z] <<< [apiv2][status] GET https://cloudfunctions.googleapis.com/v2/projects/vinilapp-c328e/locations/us-central1/operations/operation-1717690415835-61a3af711e8ad-143c0e97-8eb9ce60 200
[debug] [2024-06-06T16:13:37.742Z] <<< [apiv2][body] GET https://cloudfunctions.googleapis.com/v2/projects/vinilapp-c328e/locations/us-central1/operations/operation-1717690415835-61a3af711e8ad-143c0e97-8eb9ce60 {"name":"projects/vinilapp-c328e/locations/us-central1/operations/operation-1717690415835-61a3af711e8ad-143c0e97-8eb9ce60","metadata":{"@type":"type.googleapis.com/google.cloud.functions.v2.OperationMetadata","createTime":"2024-06-06T16:13:36.841971235Z","target":"projects/vinilapp-c328e/locations/us-central1/functions/app","verb":"create","cancelRequested":false,"apiVersion":"v2","requestResource":{"@type":"type.googleapis.com/google.cloud.functions.v2.Function","name":"projects/vinilapp-c328e/locations/us-central1/functions/app","buildConfig":{"runtime":"nodejs18","entryPoint":"app","source":{"storageSource":{"bucket":"gcf-v2-sources-39178525801-us-central1","object":"app/function-source.zip","generation":"1717690416419716"}},"environmentVariables":{"GOOGLE_NODE_RUN_SCRIPTS":""}},"serviceConfig":{"service":"projects/vinilapp-c328e/locations/us-central1/services/app","timeoutSeconds":60,"environmentVariables":{"FIREBASE_CONFIG":"{\"projectId\":\"vinilapp-c328e\",\"databaseURL\":\"https://vinilapp-c328e-default-rtdb.europe-west1.firebasedatabase.app\",\"storageBucket\":\"vinilapp-c328e.appspot.com\",\"locationId\":\"europe-west\"}","GCLOUD_PROJECT":"vinilapp-c328e","EVENTARC_CLOUD_EVENT_SOURCE":"projects/vinilapp-c328e/locations/us-central1/services/app","FUNCTION_TARGET":"app"},"ingressSettings":"ALLOW_ALL","serviceAccountEmail":"39178525801-compute@developer.gserviceaccount.com","availableMemory":"256Mi","maxInstanceRequestConcurrency":80,"availableCpu":"1"},"labels":{"deployment-tool":"cli-firebase","firebase-functions-hash":"7a52a147778bc63e1c0075e448362cc9767daaf5"},"environment":"GEN_2"},"stages":[{"name":"BUILD","state":"NOT_STARTED"},{"name":"SERVICE","state":"NOT_STARTED"}],"operationType":"CREATE_FUNCTION"},"done":false}
[debug] [2024-06-06T16:13:38.245Z] [create-default-us-central1-app] Retrying task index 0
[debug] [2024-06-06T16:13:38.246Z] >>> [apiv2][query] GET https://cloudfunctions.googleapis.com/v2/projects/vinilapp-c328e/locations/us-central1/operations/operation-1717690415835-61a3af711e8ad-143c0e97-8eb9ce60 [none]
[debug] [2024-06-06T16:13:39.064Z] <<< [apiv2][status] GET https://cloudfunctions.googleapis.com/v2/projects/vinilapp-c328e/locations/us-central1/operations/operation-1717690415835-61a3af711e8ad-143c0e97-8eb9ce60 200
[debug] [2024-06-06T16:13:39.064Z] <<< [apiv2][body] GET https://cloudfunctions.googleapis.com/v2/projects/vinilapp-c328e/locations/us-central1/operations/operation-1717690415835-61a3af711e8ad-143c0e97-8eb9ce60 {"name":"projects/vinilapp-c328e/locations/us-central1/operations/operation-1717690415835-61a3af711e8ad-143c0e97-8eb9ce60","metadata":{"@type":"type.googleapis.com/google.cloud.functions.v2.OperationMetadata","createTime":"2024-06-06T16:13:36.841971235Z","target":"projects/vinilapp-c328e/locations/us-central1/functions/app","verb":"create","cancelRequested":false,"apiVersion":"v2","requestResource":{"@type":"type.googleapis.com/google.cloud.functions.v2.Function","name":"projects/vinilapp-c328e/locations/us-central1/functions/app","buildConfig":{"runtime":"nodejs18","entryPoint":"app","source":{"storageSource":{"bucket":"gcf-v2-sources-39178525801-us-central1","object":"app/function-source.zip","generation":"1717690416419716"}},"environmentVariables":{"GOOGLE_NODE_RUN_SCRIPTS":""}},"serviceConfig":{"service":"projects/vinilapp-c328e/locations/us-central1/services/app","timeoutSeconds":60,"environmentVariables":{"FIREBASE_CONFIG":"{\"projectId\":\"vinilapp-c328e\",\"databaseURL\":\"https://vinilapp-c328e-default-rtdb.europe-west1.firebasedatabase.app\",\"storageBucket\":\"vinilapp-c328e.appspot.com\",\"locationId\":\"europe-west\"}","GCLOUD_PROJECT":"vinilapp-c328e","EVENTARC_CLOUD_EVENT_SOURCE":"projects/vinilapp-c328e/locations/us-central1/services/app","FUNCTION_TARGET":"app"},"ingressSettings":"ALLOW_ALL","serviceAccountEmail":"39178525801-compute@developer.gserviceaccount.com","availableMemory":"256Mi","maxInstanceRequestConcurrency":80,"availableCpu":"1"},"labels":{"deployment-tool":"cli-firebase","firebase-functions-hash":"7a52a147778bc63e1c0075e448362cc9767daaf5"},"environment":"GEN_2"},"stages":[{"name":"BUILD","state":"NOT_STARTED"},{"name":"SERVICE","state":"NOT_STARTED"}],"operationType":"CREATE_FUNCTION"},"done":false}
[debug] [2024-06-06T16:13:40.069Z] [create-default-us-central1-app] Retrying task index 0
[debug] [2024-06-06T16:13:40.070Z] >>> [apiv2][query] GET https://cloudfunctions.googleapis.com/v2/projects/vinilapp-c328e/locations/us-central1/operations/operation-1717690415835-61a3af711e8ad-143c0e97-8eb9ce60 [none]
[debug] [2024-06-06T16:13:40.947Z] <<< [apiv2][status] GET https://cloudfunctions.googleapis.com/v2/projects/vinilapp-c328e/locations/us-central1/operations/operation-1717690415835-61a3af711e8ad-143c0e97-8eb9ce60 200
[debug] [2024-06-06T16:13:40.947Z] <<< [apiv2][body] GET https://cloudfunctions.googleapis.com/v2/projects/vinilapp-c328e/locations/us-central1/operations/operation-1717690415835-61a3af711e8ad-143c0e97-8eb9ce60 {"name":"projects/vinilapp-c328e/locations/us-central1/operations/operation-1717690415835-61a3af711e8ad-143c0e97-8eb9ce60","metadata":{"@type":"type.googleapis.com/google.cloud.functions.v2.OperationMetadata","createTime":"2024-06-06T16:13:36.841971235Z","target":"projects/vinilapp-c328e/locations/us-central1/functions/app","verb":"create","cancelRequested":false,"apiVersion":"v2","requestResource":{"@type":"type.googleapis.com/google.cloud.functions.v2.Function","name":"projects/vinilapp-c328e/locations/us-central1/functions/app","buildConfig":{"runtime":"nodejs18","entryPoint":"app","source":{"storageSource":{"bucket":"gcf-v2-sources-39178525801-us-central1","object":"app/function-source.zip","generation":"1717690416419716"}},"environmentVariables":{"GOOGLE_NODE_RUN_SCRIPTS":""}},"serviceConfig":{"service":"projects/vinilapp-c328e/locations/us-central1/services/app","timeoutSeconds":60,"environmentVariables":{"FIREBASE_CONFIG":"{\"projectId\":\"vinilapp-c328e\",\"databaseURL\":\"https://vinilapp-c328e-default-rtdb.europe-west1.firebasedatabase.app\",\"storageBucket\":\"vinilapp-c328e.appspot.com\",\"locationId\":\"europe-west\"}","GCLOUD_PROJECT":"vinilapp-c328e","EVENTARC_CLOUD_EVENT_SOURCE":"projects/vinilapp-c328e/locations/us-central1/services/app","FUNCTION_TARGET":"app"},"ingressSettings":"ALLOW_ALL","serviceAccountEmail":"39178525801-compute@developer.gserviceaccount.com","availableMemory":"256Mi","maxInstanceRequestConcurrency":80,"availableCpu":"1"},"labels":{"deployment-tool":"cli-firebase","firebase-functions-hash":"7a52a147778bc63e1c0075e448362cc9767daaf5"},"environment":"GEN_2"},"stages":[{"name":"BUILD","state":"NOT_STARTED"},{"name":"SERVICE","state":"NOT_STARTED"}],"operationType":"CREATE_FUNCTION"},"done":false}
[debug] [2024-06-06T16:13:42.950Z] [create-default-us-central1-app] Retrying task index 0
[debug] [2024-06-06T16:13:42.950Z] >>> [apiv2][query] GET https://cloudfunctions.googleapis.com/v2/projects/vinilapp-c328e/locations/us-central1/operations/operation-1717690415835-61a3af711e8ad-143c0e97-8eb9ce60 [none]
[debug] [2024-06-06T16:13:43.915Z] <<< [apiv2][status] GET https://cloudfunctions.googleapis.com/v2/projects/vinilapp-c328e/locations/us-central1/operations/operation-1717690415835-61a3af711e8ad-143c0e97-8eb9ce60 200
[debug] [2024-06-06T16:13:43.915Z] <<< [apiv2][body] GET https://cloudfunctions.googleapis.com/v2/projects/vinilapp-c328e/locations/us-central1/operations/operation-1717690415835-61a3af711e8ad-143c0e97-8eb9ce60 {"name":"projects/vinilapp-c328e/locations/us-central1/operations/operation-1717690415835-61a3af711e8ad-143c0e97-8eb9ce60","metadata":{"@type":"type.googleapis.com/google.cloud.functions.v2.OperationMetadata","createTime":"2024-06-06T16:13:36.841971235Z","target":"projects/vinilapp-c328e/locations/us-central1/functions/app","verb":"create","cancelRequested":false,"apiVersion":"v2","requestResource":{"@type":"type.googleapis.com/google.cloud.functions.v2.Function","name":"projects/vinilapp-c328e/locations/us-central1/functions/app","buildConfig":{"runtime":"nodejs18","entryPoint":"app","source":{"storageSource":{"bucket":"gcf-v2-sources-39178525801-us-central1","object":"app/function-source.zip","generation":"1717690416419716"}},"environmentVariables":{"GOOGLE_NODE_RUN_SCRIPTS":""}},"serviceConfig":{"service":"projects/vinilapp-c328e/locations/us-central1/services/app","timeoutSeconds":60,"environmentVariables":{"FIREBASE_CONFIG":"{\"projectId\":\"vinilapp-c328e\",\"databaseURL\":\"https://vinilapp-c328e-default-rtdb.europe-west1.firebasedatabase.app\",\"storageBucket\":\"vinilapp-c328e.appspot.com\",\"locationId\":\"europe-west\"}","GCLOUD_PROJECT":"vinilapp-c328e","EVENTARC_CLOUD_EVENT_SOURCE":"projects/vinilapp-c328e/locations/us-central1/services/app","FUNCTION_TARGET":"app"},"ingressSettings":"ALLOW_ALL","serviceAccountEmail":"39178525801-compute@developer.gserviceaccount.com","availableMemory":"256Mi","maxInstanceRequestConcurrency":80,"availableCpu":"1"},"labels":{"deployment-tool":"cli-firebase","firebase-functions-hash":"7a52a147778bc63e1c0075e448362cc9767daaf5"},"environment":"GEN_2"},"stages":[{"name":"BUILD","state":"NOT_STARTED"},{"name":"SERVICE","state":"NOT_STARTED"}],"operationType":"CREATE_FUNCTION"},"done":false}
[debug] [2024-06-06T16:13:47.917Z] [create-default-us-central1-app] Retrying task index 0
[debug] [2024-06-06T16:13:47.917Z] >>> [apiv2][query] GET https://cloudfunctions.googleapis.com/v2/projects/vinilapp-c328e/locations/us-central1/operations/operation-1717690415835-61a3af711e8ad-143c0e97-8eb9ce60 [none]
[debug] [2024-06-06T16:13:48.823Z] <<< [apiv2][status] GET https://cloudfunctions.googleapis.com/v2/projects/vinilapp-c328e/locations/us-central1/operations/operation-1717690415835-61a3af711e8ad-143c0e97-8eb9ce60 200
[debug] [2024-06-06T16:13:48.824Z] <<< [apiv2][body] GET https://cloudfunctions.googleapis.com/v2/projects/vinilapp-c328e/locations/us-central1/operations/operation-1717690415835-61a3af711e8ad-143c0e97-8eb9ce60 {"name":"projects/vinilapp-c328e/locations/us-central1/operations/operation-1717690415835-61a3af711e8ad-143c0e97-8eb9ce60","metadata":{"@type":"type.googleapis.com/google.cloud.functions.v2.OperationMetadata","createTime":"2024-06-06T16:13:36.841971235Z","target":"projects/vinilapp-c328e/locations/us-central1/functions/app","verb":"create","cancelRequested":false,"apiVersion":"v2","requestResource":{"@type":"type.googleapis.com/google.cloud.functions.v2.Function","name":"projects/vinilapp-c328e/locations/us-central1/functions/app","buildConfig":{"runtime":"nodejs18","entryPoint":"app","source":{"storageSource":{"bucket":"gcf-v2-sources-39178525801-us-central1","object":"app/function-source.zip","generation":"1717690416419716"}},"environmentVariables":{"GOOGLE_NODE_RUN_SCRIPTS":""}},"serviceConfig":{"service":"projects/vinilapp-c328e/locations/us-central1/services/app","timeoutSeconds":60,"environmentVariables":{"FIREBASE_CONFIG":"{\"projectId\":\"vinilapp-c328e\",\"databaseURL\":\"https://vinilapp-c328e-default-rtdb.europe-west1.firebasedatabase.app\",\"storageBucket\":\"vinilapp-c328e.appspot.com\",\"locationId\":\"europe-west\"}","GCLOUD_PROJECT":"vinilapp-c328e","EVENTARC_CLOUD_EVENT_SOURCE":"projects/vinilapp-c328e/locations/us-central1/services/app","FUNCTION_TARGET":"app"},"ingressSettings":"ALLOW_ALL","serviceAccountEmail":"39178525801-compute@developer.gserviceaccount.com","availableMemory":"256Mi","maxInstanceRequestConcurrency":80,"availableCpu":"1"},"labels":{"deployment-tool":"cli-firebase","firebase-functions-hash":"7a52a147778bc63e1c0075e448362cc9767daaf5"},"environment":"GEN_2"},"stages":[{"name":"BUILD","state":"NOT_STARTED"},{"name":"SERVICE","state":"NOT_STARTED"}],"operationType":"CREATE_FUNCTION"},"done":false}
[debug] [2024-06-06T16:13:56.825Z] [create-default-us-central1-app] Retrying task index 0
[debug] [2024-06-06T16:13:56.826Z] >>> [apiv2][query] GET https://cloudfunctions.googleapis.com/v2/projects/vinilapp-c328e/locations/us-central1/operations/operation-1717690415835-61a3af711e8ad-143c0e97-8eb9ce60 [none]
[debug] [2024-06-06T16:13:57.746Z] <<< [apiv2][status] GET https://cloudfunctions.googleapis.com/v2/projects/vinilapp-c328e/locations/us-central1/operations/operation-1717690415835-61a3af711e8ad-143c0e97-8eb9ce60 200
[debug] [2024-06-06T16:13:57.747Z] <<< [apiv2][body] GET https://cloudfunctions.googleapis.com/v2/projects/vinilapp-c328e/locations/us-central1/operations/operation-1717690415835-61a3af711e8ad-143c0e97-8eb9ce60 {"name":"projects/vinilapp-c328e/locations/us-central1/operations/operation-1717690415835-61a3af711e8ad-143c0e97-8eb9ce60","metadata":{"@type":"type.googleapis.com/google.cloud.functions.v2.OperationMetadata","createTime":"2024-06-06T16:13:36.841971235Z","target":"projects/vinilapp-c328e/locations/us-central1/functions/app","verb":"create","cancelRequested":false,"apiVersion":"v2","requestResource":{"@type":"type.googleapis.com/google.cloud.functions.v2.Function","name":"projects/vinilapp-c328e/locations/us-central1/functions/app","buildConfig":{"runtime":"nodejs18","entryPoint":"app","source":{"storageSource":{"bucket":"gcf-v2-sources-39178525801-us-central1","object":"app/function-source.zip","generation":"1717690416419716"}},"environmentVariables":{"GOOGLE_NODE_RUN_SCRIPTS":""}},"serviceConfig":{"service":"projects/vinilapp-c328e/locations/us-central1/services/app","timeoutSeconds":60,"environmentVariables":{"FIREBASE_CONFIG":"{\"projectId\":\"vinilapp-c328e\",\"databaseURL\":\"https://vinilapp-c328e-default-rtdb.europe-west1.firebasedatabase.app\",\"storageBucket\":\"vinilapp-c328e.appspot.com\",\"locationId\":\"europe-west\"}","GCLOUD_PROJECT":"vinilapp-c328e","EVENTARC_CLOUD_EVENT_SOURCE":"projects/vinilapp-c328e/locations/us-central1/services/app","FUNCTION_TARGET":"app"},"ingressSettings":"ALLOW_ALL","serviceAccountEmail":"39178525801-compute@developer.gserviceaccount.com","availableMemory":"256Mi","maxInstanceRequestConcurrency":80,"availableCpu":"1"},"labels":{"deployment-tool":"cli-firebase","firebase-functions-hash":"7a52a147778bc63e1c0075e448362cc9767daaf5"},"environment":"GEN_2"},"stages":[{"name":"BUILD","message":"Build in progress","state":"IN_PROGRESS","resource":"projects/39178525801/locations/us-central1/builds/2d5e42c1-9f0a-407d-8aff-4f91c6bfb8ec","resourceUri":"https://console.cloud.google.com/cloud-build/builds;region=us-central1/2d5e42c1-9f0a-407d-8aff-4f91c6bfb8ec?project=39178525801"},{"name":"SERVICE","state":"NOT_STARTED"}],"operationType":"CREATE_FUNCTION"},"done":false}
[debug] [2024-06-06T16:14:07.751Z] [create-default-us-central1-app] Retrying task index 0
[debug] [2024-06-06T16:14:07.751Z] >>> [apiv2][query] GET https://cloudfunctions.googleapis.com/v2/projects/vinilapp-c328e/locations/us-central1/operations/operation-1717690415835-61a3af711e8ad-143c0e97-8eb9ce60 [none]
[debug] [2024-06-06T16:14:08.809Z] <<< [apiv2][status] GET https://cloudfunctions.googleapis.com/v2/projects/vinilapp-c328e/locations/us-central1/operations/operation-1717690415835-61a3af711e8ad-143c0e97-8eb9ce60 200
[debug] [2024-06-06T16:14:08.809Z] <<< [apiv2][body] GET https://cloudfunctions.googleapis.com/v2/projects/vinilapp-c328e/locations/us-central1/operations/operation-1717690415835-61a3af711e8ad-143c0e97-8eb9ce60 {"name":"projects/vinilapp-c328e/locations/us-central1/operations/operation-1717690415835-61a3af711e8ad-143c0e97-8eb9ce60","metadata":{"@type":"type.googleapis.com/google.cloud.functions.v2.OperationMetadata","createTime":"2024-06-06T16:13:36.841971235Z","target":"projects/vinilapp-c328e/locations/us-central1/functions/app","verb":"create","cancelRequested":false,"apiVersion":"v2","requestResource":{"@type":"type.googleapis.com/google.cloud.functions.v2.Function","name":"projects/vinilapp-c328e/locations/us-central1/functions/app","buildConfig":{"runtime":"nodejs18","entryPoint":"app","source":{"storageSource":{"bucket":"gcf-v2-sources-39178525801-us-central1","object":"app/function-source.zip","generation":"1717690416419716"}},"environmentVariables":{"GOOGLE_NODE_RUN_SCRIPTS":""}},"serviceConfig":{"service":"projects/vinilapp-c328e/locations/us-central1/services/app","timeoutSeconds":60,"environmentVariables":{"FIREBASE_CONFIG":"{\"projectId\":\"vinilapp-c328e\",\"databaseURL\":\"https://vinilapp-c328e-default-rtdb.europe-west1.firebasedatabase.app\",\"storageBucket\":\"vinilapp-c328e.appspot.com\",\"locationId\":\"europe-west\"}","GCLOUD_PROJECT":"vinilapp-c328e","EVENTARC_CLOUD_EVENT_SOURCE":"projects/vinilapp-c328e/locations/us-central1/services/app","FUNCTION_TARGET":"app"},"ingressSettings":"ALLOW_ALL","serviceAccountEmail":"39178525801-compute@developer.gserviceaccount.com","availableMemory":"256Mi","maxInstanceRequestConcurrency":80,"availableCpu":"1"},"labels":{"deployment-tool":"cli-firebase","firebase-functions-hash":"7a52a147778bc63e1c0075e448362cc9767daaf5"},"environment":"GEN_2"},"stages":[{"name":"BUILD","message":"Build in progress","state":"IN_PROGRESS","resource":"projects/39178525801/locations/us-central1/builds/2d5e42c1-9f0a-407d-8aff-4f91c6bfb8ec","resourceUri":"https://console.cloud.google.com/cloud-build/builds;region=us-central1/2d5e42c1-9f0a-407d-8aff-4f91c6bfb8ec?project=39178525801"},{"name":"SERVICE","state":"NOT_STARTED"}],"operationType":"CREATE_FUNCTION"},"done":false}
[debug] [2024-06-06T16:14:18.811Z] [create-default-us-central1-app] Retrying task index 0
[debug] [2024-06-06T16:14:18.812Z] >>> [apiv2][query] GET https://cloudfunctions.googleapis.com/v2/projects/vinilapp-c328e/locations/us-central1/operations/operation-1717690415835-61a3af711e8ad-143c0e97-8eb9ce60 [none]
[debug] [2024-06-06T16:14:19.955Z] <<< [apiv2][status] GET https://cloudfunctions.googleapis.com/v2/projects/vinilapp-c328e/locations/us-central1/operations/operation-1717690415835-61a3af711e8ad-143c0e97-8eb9ce60 200
[debug] [2024-06-06T16:14:19.956Z] <<< [apiv2][body] GET https://cloudfunctions.googleapis.com/v2/projects/vinilapp-c328e/locations/us-central1/operations/operation-1717690415835-61a3af711e8ad-143c0e97-8eb9ce60 {"name":"projects/vinilapp-c328e/locations/us-central1/operations/operation-1717690415835-61a3af711e8ad-143c0e97-8eb9ce60","metadata":{"@type":"type.googleapis.com/google.cloud.functions.v2.OperationMetadata","createTime":"2024-06-06T16:13:36.841971235Z","target":"projects/vinilapp-c328e/locations/us-central1/functions/app","verb":"create","cancelRequested":false,"apiVersion":"v2","requestResource":{"@type":"type.googleapis.com/google.cloud.functions.v2.Function","name":"projects/vinilapp-c328e/locations/us-central1/functions/app","buildConfig":{"runtime":"nodejs18","entryPoint":"app","source":{"storageSource":{"bucket":"gcf-v2-sources-39178525801-us-central1","object":"app/function-source.zip","generation":"1717690416419716"}},"environmentVariables":{"GOOGLE_NODE_RUN_SCRIPTS":""}},"serviceConfig":{"service":"projects/vinilapp-c328e/locations/us-central1/services/app","timeoutSeconds":60,"environmentVariables":{"FIREBASE_CONFIG":"{\"projectId\":\"vinilapp-c328e\",\"databaseURL\":\"https://vinilapp-c328e-default-rtdb.europe-west1.firebasedatabase.app\",\"storageBucket\":\"vinilapp-c328e.appspot.com\",\"locationId\":\"europe-west\"}","GCLOUD_PROJECT":"vinilapp-c328e","EVENTARC_CLOUD_EVENT_SOURCE":"projects/vinilapp-c328e/locations/us-central1/services/app","FUNCTION_TARGET":"app"},"ingressSettings":"ALLOW_ALL","serviceAccountEmail":"39178525801-compute@developer.gserviceaccount.com","availableMemory":"256Mi","maxInstanceRequestConcurrency":80,"availableCpu":"1"},"labels":{"deployment-tool":"cli-firebase","firebase-functions-hash":"7a52a147778bc63e1c0075e448362cc9767daaf5"},"environment":"GEN_2"},"stages":[{"name":"BUILD","message":"Build in progress","state":"IN_PROGRESS","resource":"projects/39178525801/locations/us-central1/builds/2d5e42c1-9f0a-407d-8aff-4f91c6bfb8ec","resourceUri":"https://console.cloud.google.com/cloud-build/builds;region=us-central1/2d5e42c1-9f0a-407d-8aff-4f91c6bfb8ec?project=39178525801"},{"name":"SERVICE","state":"NOT_STARTED"}],"operationType":"CREATE_FUNCTION"},"done":false}
[debug] [2024-06-06T16:14:29.958Z] [create-default-us-central1-app] Retrying task index 0
[debug] [2024-06-06T16:14:29.958Z] >>> [apiv2][query] GET https://cloudfunctions.googleapis.com/v2/projects/vinilapp-c328e/locations/us-central1/operations/operation-1717690415835-61a3af711e8ad-143c0e97-8eb9ce60 [none]
[debug] [2024-06-06T16:14:31.016Z] <<< [apiv2][status] GET https://cloudfunctions.googleapis.com/v2/projects/vinilapp-c328e/locations/us-central1/operations/operation-1717690415835-61a3af711e8ad-143c0e97-8eb9ce60 200
[debug] [2024-06-06T16:14:31.017Z] <<< [apiv2][body] GET https://cloudfunctions.googleapis.com/v2/projects/vinilapp-c328e/locations/us-central1/operations/operation-1717690415835-61a3af711e8ad-143c0e97-8eb9ce60 {"name":"projects/vinilapp-c328e/locations/us-central1/operations/operation-1717690415835-61a3af711e8ad-143c0e97-8eb9ce60","metadata":{"@type":"type.googleapis.com/google.cloud.functions.v2.OperationMetadata","createTime":"2024-06-06T16:13:36.841971235Z","target":"projects/vinilapp-c328e/locations/us-central1/functions/app","verb":"create","cancelRequested":false,"apiVersion":"v2","requestResource":{"@type":"type.googleapis.com/google.cloud.functions.v2.Function","name":"projects/vinilapp-c328e/locations/us-central1/functions/app","buildConfig":{"runtime":"nodejs18","entryPoint":"app","source":{"storageSource":{"bucket":"gcf-v2-sources-39178525801-us-central1","object":"app/function-source.zip","generation":"1717690416419716"}},"environmentVariables":{"GOOGLE_NODE_RUN_SCRIPTS":""}},"serviceConfig":{"service":"projects/vinilapp-c328e/locations/us-central1/services/app","timeoutSeconds":60,"environmentVariables":{"FIREBASE_CONFIG":"{\"projectId\":\"vinilapp-c328e\",\"databaseURL\":\"https://vinilapp-c328e-default-rtdb.europe-west1.firebasedatabase.app\",\"storageBucket\":\"vinilapp-c328e.appspot.com\",\"locationId\":\"europe-west\"}","GCLOUD_PROJECT":"vinilapp-c328e","EVENTARC_CLOUD_EVENT_SOURCE":"projects/vinilapp-c328e/locations/us-central1/services/app","FUNCTION_TARGET":"app"},"ingressSettings":"ALLOW_ALL","serviceAccountEmail":"39178525801-compute@developer.gserviceaccount.com","availableMemory":"256Mi","maxInstanceRequestConcurrency":80,"availableCpu":"1"},"labels":{"deployment-tool":"cli-firebase","firebase-functions-hash":"7a52a147778bc63e1c0075e448362cc9767daaf5"},"environment":"GEN_2"},"stages":[{"name":"BUILD","message":"Build in progress","state":"IN_PROGRESS","resource":"projects/39178525801/locations/us-central1/builds/2d5e42c1-9f0a-407d-8aff-4f91c6bfb8ec","resourceUri":"https://console.cloud.google.com/cloud-build/builds;region=us-central1/2d5e42c1-9f0a-407d-8aff-4f91c6bfb8ec?project=39178525801"},{"name":"SERVICE","state":"NOT_STARTED"}],"operationType":"CREATE_FUNCTION"},"done":false}
[debug] [2024-06-06T16:14:41.017Z] [create-default-us-central1-app] Retrying task index 0
[debug] [2024-06-06T16:14:41.017Z] >>> [apiv2][query] GET https://cloudfunctions.googleapis.com/v2/projects/vinilapp-c328e/locations/us-central1/operations/operation-1717690415835-61a3af711e8ad-143c0e97-8eb9ce60 [none]
[debug] [2024-06-06T16:14:42.088Z] <<< [apiv2][status] GET https://cloudfunctions.googleapis.com/v2/projects/vinilapp-c328e/locations/us-central1/operations/operation-1717690415835-61a3af711e8ad-143c0e97-8eb9ce60 200
[debug] [2024-06-06T16:14:42.088Z] <<< [apiv2][body] GET https://cloudfunctions.googleapis.com/v2/projects/vinilapp-c328e/locations/us-central1/operations/operation-1717690415835-61a3af711e8ad-143c0e97-8eb9ce60 {"name":"projects/vinilapp-c328e/locations/us-central1/operations/operation-1717690415835-61a3af711e8ad-143c0e97-8eb9ce60","metadata":{"@type":"type.googleapis.com/google.cloud.functions.v2.OperationMetadata","createTime":"2024-06-06T16:13:36.841971235Z","endTime":"2024-06-06T16:14:36.471375390Z","target":"projects/vinilapp-c328e/locations/us-central1/functions/app","verb":"create","cancelRequested":false,"apiVersion":"v2","requestResource":{"@type":"type.googleapis.com/google.cloud.functions.v2.Function","name":"projects/vinilapp-c328e/locations/us-central1/functions/app","buildConfig":{"runtime":"nodejs18","entryPoint":"app","source":{"storageSource":{"bucket":"gcf-v2-sources-39178525801-us-central1","object":"app/function-source.zip","generation":"1717690416419716"}},"environmentVariables":{"GOOGLE_NODE_RUN_SCRIPTS":""}},"serviceConfig":{"service":"projects/vinilapp-c328e/locations/us-central1/services/app","timeoutSeconds":60,"environmentVariables":{"FIREBASE_CONFIG":"{\"projectId\":\"vinilapp-c328e\",\"databaseURL\":\"https://vinilapp-c328e-default-rtdb.europe-west1.firebasedatabase.app\",\"storageBucket\":\"vinilapp-c328e.appspot.com\",\"locationId\":\"europe-west\"}","GCLOUD_PROJECT":"vinilapp-c328e","EVENTARC_CLOUD_EVENT_SOURCE":"projects/vinilapp-c328e/locations/us-central1/services/app","FUNCTION_TARGET":"app"},"ingressSettings":"ALLOW_ALL","serviceAccountEmail":"39178525801-compute@developer.gserviceaccount.com","availableMemory":"256Mi","maxInstanceRequestConcurrency":80,"availableCpu":"1"},"labels":{"deployment-tool":"cli-firebase","firebase-functions-hash":"7a52a147778bc63e1c0075e448362cc9767daaf5"},"environment":"GEN_2"},"stages":[{"name":"ARTIFACT_REGISTRY","message":"Deleting function artifacts in Artifact Registry","state":"COMPLETE"},{"name":"SERVICE","message":"Deleting Cloud Run service","state":"COMPLETE","resource":"projects/vinilapp-c328e/locations/us-central1/services/app"}],"operationType":"CREATE_FUNCTION"},"done":true,"error":{"code":3,"message":"Build failed with status: FAILURE and message: npm error code EUSAGE\nnpm error\nnpm error `npm ci` can only install packages when your package.json and package-lock.json or npm-shrinkwrap.json are in sync. Please update your lock file with `npm install` before continuing.\nnpm error\nnpm error Missing: jest@29.7.0 from lock file\nnpm error Missing: @jest/core@29.7.0 from lock file\nnpm error Missing: @jest/types@29.6.3 from lock file\nnpm error Missing: import-local@3.1.0 from lock file\nnpm error Missing: jest-cli@29.7.0 from lock file\nnpm error Missing: @jest/console@29.7.0 from lock file\nnpm error Missing: @jest/reporters@29.7.0 from lock file\nnpm error Missing: @jest/test-result@29.7.0 from lock file\nnpm error Missing: @jest/transform@29.7.0 from lock file\nnpm error Missing: ansi-escapes@4.3.2 from lock file\nnpm error Missing: ci-info@3.9.0 from lock file\nnpm error Missing: exit@0.1.2 from lock file\nnpm error Missing: graceful-fs@4.2.11 from lock file\nnpm error Missing: jest-changed-files@29.7.0 from lock file\nnpm error Missing: jest-config@29.7.0 from lock file\nnpm error Missing: jest-haste-map@29.7.0 from lock file\nnpm error Missing: jest-message-util@29.7.0 from lock file\nnpm error Missing: jest-regex-util@29.6.3 from lock file\nnpm error Missing: jest-resolve@29.7.0 from lock file\nnpm error Missing: jest-resolve-dependencies@29.7.0 from lock file\nnpm error Missing: jest-runner@29.7.0 from lock file\nnpm error Missing: jest-runtime@29.7.0 from lock file\nnpm error Missing: jest-snapshot@29.7.0 from lock file\nnpm error Missing: jest-util@29.7.0 from lock file\nnpm error Missing: jest-validate@29.7.0 from lock file\nnpm error Missing: jest-watcher@29.7.0 from lock file\nnpm error Missing: micromatch@4.0.7 from lock file\nnpm error Missing: pretty-format@29.7.0 from lock file\nnpm error Missing: slash@3.0.0 from lock file\nnpm error Missing: @bcoe/v8-coverage@0.2.3 from lock file\nnpm error Missing: @jridgewell/trace-mapping@0.3.25 from lock file\nnpm error Missing: collect-v8-coverage@1.0.2 from lock file\nnpm error Missing: istanbul-lib-coverage@3.2.2 from lock file\nnpm error Missing: istanbul-lib-instrument@6.0.2 from lock file\nnpm error Missing: istanbul-lib-report@3.0.1 from lock file\nnpm error Missing: istanbul-lib-source-maps@4.0.1 from lock file\nnpm error Missing: istanbul-reports@3.1.7 from lock file\nnpm error Missing: jest-worker@29.7.0 from lock file\nnpm error Missing: string-length@4.0.2 from lock file\nnpm error Missing: v8-to-istanbul@9.2.0 from lock file\nnpm error Missing: @types/istanbul-lib-coverage@2.0.6 from lock file\nnpm error Missing: @babel/core@7.24.7 from lock file\nnpm error Missing: babel-plugin-istanbul@6.1.1 from lock file\nnpm error Missing: convert-source-map@2.0.0 from lock file\nnpm error Missing: pirates@4.0.6 from lock file\nnpm error Missing: write-file-atomic@4.0.2 from lock file\nnpm error Missing: @ampproject/remapping@2.3.0 from lock file\nnpm error Missing: @babel/code-frame@7.24.7 from lock file\nnpm error Missing: @babel/generator@7.24.7 from lock file\nnpm error Missing: @babel/helper-compilation-targets@7.24.7 from lock file\nnpm error Missing: @babel/helper-module-transforms@7.24.7 from lock file\nnpm error Missing: @babel/helpers@7.24.7 from lock file\nnpm error Missing: @babel/parser@7.24.7 from lock file\nnpm error Missing: @babel/template@7.24.7 from lock file\nnpm error Missing: @babel/traverse@7.24.7 from lock file\nnpm error Missing: @babel/types@7.24.7 from lock file\nnpm error Missing: gensync@1.0.0-beta.2 from lock file\nnpm error Missing: json5@2.2.3 from lock file\nnpm error Missing: semver@6.3.1 from lock file\nnpm error Missing: @jridgewell/gen-mapping@0.3.5 from lock file\nnpm error Missing: @babel/highlight@7.24.7 from lock file\nnpm error Missing: picocolors@1.0.1 from lock file\nnpm error Missing: jsesc@2.5.2 from lock file\nnpm error Missing: @babel/compat-data@7.24.7 from lock file\nnpm error Missing: @babel/helper-validator-option@7.24.7 from lock file\nnpm error Missing: browserslist@4.23.0 from lock file\nnpm error Missing: lru-cache@5.1.1 from lock file\nnpm error Missing: semver@6.3.1 from lock file\nnpm error Missing: @babel/helper-environment-visitor@7.24.7 from lock file\nnpm error Missing: @babel/helper-module-imports@7.24.7 from lock file\nnpm error Missing: @babel/helper-simple-access@7.24.7 from lock file\nnpm error Missing: @babel/helper-split-export-declaration@7.24.7 from lock file\nnpm error Missing: @babel/helper-validator-identifier@7.24.7 from lock file\nnpm error Missing: chalk@2.4.2 from lock file\nnpm error Missing: js-tokens@4.0.0 from lock file\nnpm error Missing: @babel/helper-function-name@7.24.7 from lock file\nnpm error Missing: @babel/helper-hoist-variables@7.24.7 from lock file\nnpm error Missing: globals@11.12.0 from lock file\nnpm error Missing: @babel/helper-string-parser@7.24.7 from lock file\nnpm error Missing: to-fast-properties@2.0.0 from lock file\nnpm error Missing: @jest/schemas@29.6.3 from lock file\nnpm error Missing: @types/istanbul-reports@3.0.4 from lock file\nnpm error Missing: @types/yargs@17.0.32 from lock file\nnpm error Missing: @sinclair/typebox@0.27.8 from lock file\nnpm error Missing: @jridgewell/set-array@1.2.1 from lock file\nnpm error Missing: @jridgewell/sourcemap-codec@1.4.15 from lock file\nnpm error Missing: @jridgewell/resolve-uri@3.1.2 from lock file\nnpm error Missing: @types/istanbul-lib-report@3.0.3 from lock file\nnpm error Missing: @types/yargs-parser@21.0.3 from lock file\nnpm error Missing: type-fest@0.21.3 from lock file\nnpm error Missing: @babel/helper-plugin-utils@7.24.7 from lock file\nnpm error Missing: @istanbuljs/load-nyc-config@1.1.0 from lock file\nnpm error Missing: @istanbuljs/schema@0.1.3 from lock file\nnpm error Missing: istanbul-lib-instrument@5.2.1 from lock file\nnpm error Missing: test-exclude@6.0.0 from lock file\nnpm error Missing: camelcase@5.3.1 from lock file\nnpm error Missing: find-up@4.1.0 from lock file\nnpm error Missing: get-package-type@0.1.0 from lock file\nnpm error Missing: js-yaml@3.14.1 from lock file\nnpm error Missing: resolve-from@5.0.0 from lock file\nnpm error Missing: caniuse-lite@1.0.30001629 from lock file\nnpm error Missing: electron-to-chromium@1.4.792 from lock file\nnpm error Missing: node-releases@2.0.14 from lock file\nnpm error Missing: update-browserslist-db@1.0.16 from lock file\nnpm error Missing: pkg-dir@4.2.0 from lock file\nnpm error Missing: resolve-cwd@3.0.0 from lock file\nnpm error Missing: make-dir@4.0.0 from lock file\nnpm error Missing: source-map@0.6.1 from lock file\nnpm error Missing: html-escaper@2.0.2 from lock file\nnpm error Missing: execa@5.1.1 from lock file\nnpm error Missing: get-stream@6.0.1 from lock file\nnpm error Missing: human-signals@2.1.0 from lock file\nnpm error Missing: merge-stream@2.0.0 from lock file\nnpm error Missing: npm-run-path@4.0.1 from lock file\nnpm error Missing: onetime@5.1.2 from lock file\nnpm error Missing: signal-exit@3.0.7 from lock file\nnpm error Missing: strip-final-newline@2.0.0 from lock file\nnpm error Missing: create-jest@29.7.0 from lock file\nnpm error Missing: prompts@2.4.2 from lock file\nnpm error Missing: @jest/test-sequencer@29.7.0 from lock file\nnpm error Missing: babel-jest@29.7.0 from lock file\nnpm error Missing: deepmerge@4.3.1 from lock file\nnpm error Missing: jest-circus@29.7.0 from lock file\nnpm error Missing: jest-environment-node@29.7.0 from lock file\nnpm error Missing: jest-get-type@29.6.3 from lock file\nnpm error Missing: parse-json@5.2.0 from lock file\nnpm error Missing: @types/babel__core@7.20.5 from lock file\nnpm error Missing: babel-preset-jest@29.6.3 from lock file\nnpm error Missing: @types/babel__generator@7.6.8 from lock file\nnpm error Missing: @types/babel__template@7.4.4 from lock file\nnpm error Missing: @types/babel__traverse@7.20.6 from lock file\nnpm error Missing: babel-plugin-jest-hoist@29.6.3 from lock file\nnpm error Missing: babel-preset-current-node-syntax@1.0.1 from lock file\nnpm error Missing: @babel/plugin-syntax-async-generators@7.8.4 from lock file\nnpm error Missing: @babel/plugin-syntax-bigint@7.8.3 from lock file\nnpm error Missing: @babel/plugin-syntax-class-properties@7.12.13 from lock file\nnpm error Missing: @babel/plugin-syntax-import-meta@7.10.4 from lock file\nnpm error Missing: @babel/plugin-syntax-json-strings@7.8.3 from lock file\nnpm error Missing: @babel/plugin-syntax-logical-assignment-operators@7.10.4 from lock file\nnpm error Missing: @babel/plugin-syntax-nullish-coalescing-operator@7.8.3 from lock file\nnpm error Missing: @babel/plugin-syntax-numeric-separator@7.10.4 from lock file\nnpm error Missing: @babel/plugin-syntax-object-rest-spread@7.8.3 from lock file\nnpm error Missing: @babel/plugin-syntax-optional-catch-binding@7.8.3 from lock file\nnpm error Missing: @babel/plugin-syntax-optional-chaining@7.8.3 from lock file\nnpm error Missing: @babel/plugin-syntax-top-level-await@7.14.5 from lock file\nnpm error Missing: @jest/environment@29.7.0 from lock file\nnpm error Missing: @jest/expect@29.7.0 from lock file\nnpm error Missing: co@4.6.0 from lock file\nnpm error Missing: dedent@1.5.3 from lock file\nnpm error Missing: is-generator-fn@2.1.0 from lock file\nnpm error Missing: jest-each@29.7.0 from lock file\nnpm error Missing: jest-matcher-utils@29.7.0 from lock file\nnpm error Missing: pure-rand@6.1.0 from lock file\nnpm error Missing: stack-utils@2.0.6 from lock file\nnpm error Missing: @jest/fake-timers@29.7.0 from lock file\nnpm error Missing: jest-mock@29.7.0 from lock file\nnpm error Missing: expect@29.7.0 from lock file\nnpm error Missing: @sinonjs/fake-timers@10.3.0 from lock file\nnpm error Missing: @sinonjs/commons@3.0.1 from lock file\nnpm error Missing: type-detect@4.0.8 from lock file\nnpm error Missing: @jest/expect-utils@29.7.0 from lock file\nnpm error Missing: @types/graceful-fs@4.1.9 from lock file\nnpm error Missing: anymatch@3.1.3 from lock file\nnpm error Missing: fb-watchman@2.0.2 from lock file\nnpm error Missing: fsevents@2.3.3 from lock file\nnpm error Missing: walker@1.0.8 from lock file\nnpm error Missing: normalize-path@3.0.0 from lock file\nnpm error Missing: picomatch@2.3.1 from lock file\nnpm error Missing: bser@2.1.1 from lock file\nnpm error Missing: node-int64@0.4.0 from lock file\nnpm error Missing: jest-diff@29.7.0 from lock file\nnpm error Missing: diff-sequences@29.6.3 from lock file\nnpm error Missing: @types/stack-utils@2.0.3 from lock file\nnpm error Missing: jest-pnp-resolver@1.2.3 from lock file\nnpm error Missing: resolve@1.22.8 from lock file\nnpm error Missing: resolve.exports@2.0.2 from lock file\nnpm error Missing: emittery@0.13.1 from lock file\nnpm error Missing: jest-docblock@29.7.0 from lock file\nnpm error Missing: jest-leak-detector@29.7.0 from lock file\nnpm error Missing: source-map-support@0.5.13 from lock file\nnpm error Missing: detect-newline@3.1.0 from lock file\nnpm error Missing: @jest/globals@29.7.0 from lock file\nnpm error Missing: @jest/source-map@29.6.3 from lock file\nnpm error Missing: cjs-module-lexer@1.3.1 from lock file\nnpm error Missing: strip-bom@4.0.0 from lock file\nnpm error Missing: @babel/plugin-syntax-jsx@7.24.7 from lock file\nnpm error Missing: @babel/plugin-syntax-typescript@7.24.7 from lock file\nnpm error Missing: camelcase@6.3.0 from lock file\nnpm error Missing: leven@3.1.0 from lock file\nnpm error Missing: supports-color@8.1.1 from lock file\nnpm error Missing: braces@3.0.3 from lock file\nnpm error Missing: fill-range@7.1.1 from lock file\nnpm error Missing: to-regex-range@5.0.1 from lock file\nnpm error Missing: mimic-fn@2.1.0 from lock file\nnpm error Missing: error-ex@1.3.2 from lock file\nnpm error Missing: json-parse-even-better-errors@2.3.1 from lock file\nnpm error Missing: lines-and-columns@1.2.4 from lock file\nnpm error Missing: is-arrayish@0.2.1 from lock file\nnpm error Missing: find-up@4.1.0 from lock file\nnpm error Missing: ansi-styles@5.2.0 from lock file\nnpm error Missing: react-is@18.3.1 from lock file\nnpm error Missing: kleur@3.0.3 from lock file\nnpm error Missing: sisteransi@1.0.5 from lock file\nnpm error Missing: is-core-module@2.13.1 from lock file\nnpm error Missing: path-parse@1.0.7 from lock file\nnpm error Missing: supports-preserve-symlinks-flag@1.0.0 from lock file\nnpm error Missing: resolve-from@5.0.0 from lock file\nnpm error Missing: buffer-from@1.1.2 from lock file\nnpm error Missing: escape-string-regexp@2.0.0 from lock file\nnpm error Missing: char-regex@1.0.2 from lock file\nnpm error Missing: is-number@7.0.0 from lock file\nnpm error Missing: makeerror@1.0.12 from lock file\nnpm error Missing: tmpl@1.0.5 from lock file\nnpm error Missing: yallist@3.1.1 from lock file\nnpm error Missing: ansi-styles@3.2.1 from lock file\nnpm error Missing: escape-string-regexp@1.0.5 from lock file\nnpm error Missing: supports-color@5.5.0 from lock file\nnpm error Missing: color-convert@1.9.3 from lock file\nnpm error Missing: color-name@1.1.3 from lock file\nnpm error Missing: has-flag@3.0.0 from lock file\nnpm error Missing: locate-path@5.0.0 from lock file\nnpm error Missing: argparse@1.0.10 from lock file\nnpm error Missing: esprima@4.0.1 from lock file\nnpm error Missing: sprintf-js@1.0.3 from lock file\nnpm error Missing: p-locate@4.1.0 from lock file\nnpm error Missing: p-limit@2.3.0 from lock file\nnpm error Missing: p-try@2.2.0 from lock file\nnpm error Missing: semver@6.3.1 from lock file\nnpm error Missing: locate-path@5.0.0 from lock file\nnpm error Missing: p-locate@4.1.0 from lock file\nnpm error Missing: p-limit@2.3.0 from lock file\nnpm error\nnpm error Clean install a project\nnpm error\nnpm error Usage:\nnpm error npm ci\nnpm error\nnpm error Options:\nnpm error [--install-strategy <hoisted|nested|shallow|linked>] [--legacy-bundling]\nnpm error [--global-style] [--omit <dev|optional|peer> [--omit <dev|optional|peer> ...]]\nnpm error [--include <prod|dev|optional|peer> [--include <prod|dev|optional|peer> ...]]\nnpm error [--strict-peer-deps] [--foreground-scripts] [--ignore-scripts] [--no-audit]\nnpm error [--no-bin-links] [--no-fund] [--dry-run]\nnpm error [-w|--workspace <workspace-name> [-w|--workspace <workspace-name> ...]]\nnpm error [-ws|--workspaces] [--include-workspace-root] [--install-links]\nnpm error\nnpm error aliases: clean-install, ic, install-clean, isntall-clean\nnpm error\nnpm error Run \"npm help ci\" for more info\n\nnpm error A complete log of this run can be found in: /www-data-home/.npm/_logs/2024-06-06T16_14_06_670Z-debug-0.log. For more details see the logs at https://console.cloud.google.com/cloud-build/builds;region=us-central1/2d5e42c1-9f0a-407d-8aff-4f91c6bfb8ec?project=39178525801."}}
[debug] [2024-06-06T16:14:42.088Z] Got source token undefined for region us-central1
[error] Build failed with status: FAILURE and message: npm error code EUSAGE
npm error
npm error `npm ci` can only install packages when your package.json and package-lock.json or npm-shrinkwrap.json are in sync. Please update your lock file with `npm install` before continuing.
npm error
npm error Missing: jest@29.7.0 from lock file
npm error Missing: @jest/core@29.7.0 from lock file
npm error Missing: @jest/types@29.6.3 from lock file
npm error Missing: import-local@3.1.0 from lock file
npm error Missing: jest-cli@29.7.0 from lock file
npm error Missing: @jest/console@29.7.0 from lock file
npm error Missing: @jest/reporters@29.7.0 from lock file
npm error Missing: @jest/test-result@29.7.0 from lock file
npm error Missing: @jest/transform@29.7.0 from lock file
npm error Missing: ansi-escapes@4.3.2 from lock file
npm error Missing: ci-info@3.9.0 from lock file
npm error Missing: exit@0.1.2 from lock file
npm error Missing: graceful-fs@4.2.11 from lock file
npm error Missing: jest-changed-files@29.7.0 from lock file
npm error Missing: jest-config@29.7.0 from lock file
npm error Missing: jest-haste-map@29.7.0 from lock file
npm error Missing: jest-message-util@29.7.0 from lock file
npm error Missing: jest-regex-util@29.6.3 from lock file
npm error Missing: jest-resolve@29.7.0 from lock file
npm error Missing: jest-resolve-dependencies@29.7.0 from lock file
npm error Missing: jest-runner@29.7.0 from lock file
npm error Missing: jest-runtime@29.7.0 from lock file
npm error Missing: jest-snapshot@29.7.0 from lock file
npm error Missing: jest-util@29.7.0 from lock file
npm error Missing: jest-validate@29.7.0 from lock file
npm error Missing: jest-watcher@29.7.0 from lock file
npm error Missing: micromatch@4.0.7 from lock file
npm error Missing: pretty-format@29.7.0 from lock file
npm error Missing: slash@3.0.0 from lock file
npm error Missing: @bcoe/v8-coverage@0.2.3 from lock file
npm error Missing: @jridgewell/trace-mapping@0.3.25 from lock file
npm error Missing: collect-v8-coverage@1.0.2 from lock file
npm error Missing: istanbul-lib-coverage@3.2.2 from lock file
npm error Missing: istanbul-lib-instrument@6.0.2 from lock file
npm error Missing: istanbul-lib-report@3.0.1 from lock file
npm error Missing: istanbul-lib-source-maps@4.0.1 from lock file
npm error Missing: istanbul-reports@3.1.7 from lock file
npm error Missing: jest-worker@29.7.0 from lock file
npm error Missing: string-length@4.0.2 from lock file
npm error Missing: v8-to-istanbul@9.2.0 from lock file
npm error Missing: @types/istanbul-lib-coverage@2.0.6 from lock file
npm error Missing: @babel/core@7.24.7 from lock file
npm error Missing: babel-plugin-istanbul@6.1.1 from lock file
npm error Missing: convert-source-map@2.0.0 from lock file
npm error Missing: pirates@4.0.6 from lock file
npm error Missing: write-file-atomic@4.0.2 from lock file
npm error Missing: @ampproject/remapping@2.3.0 from lock file
npm error Missing: @babel/code-frame@7.24.7 from lock file
npm error Missing: @babel/generator@7.24.7 from lock file
npm error Missing: @babel/helper-compilation-targets@7.24.7 from lock file
npm error Missing: @babel/helper-module-transforms@7.24.7 from lock file
npm error Missing: @babel/helpers@7.24.7 from lock file
npm error Missing: @babel/parser@7.24.7 from lock file
npm error Missing: @babel/template@7.24.7 from lock file
npm error Missing: @babel/traverse@7.24.7 from lock file
npm error Missing: @babel/types@7.24.7 from lock file
npm error Missing: gensync@1.0.0-beta.2 from lock file
npm error Missing: json5@2.2.3 from lock file
npm error Missing: semver@6.3.1 from lock file
npm error Missing: @jridgewell/gen-mapping@0.3.5 from lock file
npm error Missing: @babel/highlight@7.24.7 from lock file
npm error Missing: picocolors@1.0.1 from lock file
npm error Missing: jsesc@2.5.2 from lock file
npm error Missing: @babel/compat-data@7.24.7 from lock file
npm error Missing: @babel/helper-validator-option@7.24.7 from lock file
npm error Missing: browserslist@4.23.0 from lock file
npm error Missing: lru-cache@5.1.1 from lock file
npm error Missing: semver@6.3.1 from lock file
npm error Missing: @babel/helper-environment-visitor@7.24.7 from lock file
npm error Missing: @babel/helper-module-imports@7.24.7 from lock file
npm error Missing: @babel/helper-simple-access@7.24.7 from lock file
npm error Missing: @babel/helper-split-export-declaration@7.24.7 from lock file
npm error Missing: @babel/helper-validator-identifier@7.24.7 from lock file
npm error Missing: chalk@2.4.2 from lock file
npm error Missing: js-tokens@4.0.0 from lock file
npm error Missing: @babel/helper-function-name@7.24.7 from lock file
npm error Missing: @babel/helper-hoist-variables@7.24.7 from lock file
npm error Missing: globals@11.12.0 from lock file
npm error Missing: @babel/helper-string-parser@7.24.7 from lock file
npm error Missing: to-fast-properties@2.0.0 from lock file
npm error Missing: @jest/schemas@29.6.3 from lock file
npm error Missing: @types/istanbul-reports@3.0.4 from lock file
npm error Missing: @types/yargs@17.0.32 from lock file
npm error Missing: @sinclair/typebox@0.27.8 from lock file
npm error Missing: @jridgewell/set-array@1.2.1 from lock file
npm error Missing: @jridgewell/sourcemap-codec@1.4.15 from lock file
npm error Missing: @jridgewell/resolve-uri@3.1.2 from lock file
npm error Missing: @types/istanbul-lib-report@3.0.3 from lock file
npm error Missing: @types/yargs-parser@21.0.3 from lock file
npm error Missing: type-fest@0.21.3 from lock file
npm error Missing: @babel/helper-plugin-utils@7.24.7 from lock file
npm error Missing: @istanbuljs/load-nyc-config@1.1.0 from lock file
npm error Missing: @istanbuljs/schema@0.1.3 from lock file
npm error Missing: istanbul-lib-instrument@5.2.1 from lock file
npm error Missing: test-exclude@6.0.0 from lock file
npm error Missing: camelcase@5.3.1 from lock file
npm error Missing: find-up@4.1.0 from lock file
npm error Missing: get-package-type@0.1.0 from lock file
npm error Missing: js-yaml@3.14.1 from lock file
npm error Missing: resolve-from@5.0.0 from lock file
npm error Missing: caniuse-lite@1.0.30001629 from lock file
npm error Missing: electron-to-chromium@1.4.792 from lock file
npm error Missing: node-releases@2.0.14 from lock file
npm error Missing: update-browserslist-db@1.0.16 from lock file
npm error Missing: pkg-dir@4.2.0 from lock file
npm error Missing: resolve-cwd@3.0.0 from lock file
npm error Missing: make-dir@4.0.0 from lock file
npm error Missing: source-map@0.6.1 from lock file
npm error Missing: html-escaper@2.0.2 from lock file
npm error Missing: execa@5.1.1 from lock file
npm error Missing: get-stream@6.0.1 from lock file
npm error Missing: human-signals@2.1.0 from lock file
npm error Missing: merge-stream@2.0.0 from lock file
npm error Missing: npm-run-path@4.0.1 from lock file
npm error Missing: onetime@5.1.2 from lock file
npm error Missing: signal-exit@3.0.7 from lock file
npm error Missing: strip-final-newline@2.0.0 from lock file
npm error Missing: create-jest@29.7.0 from lock file
npm error Missing: prompts@2.4.2 from lock file
npm error Missing: @jest/test-sequencer@29.7.0 from lock file
npm error Missing: babel-jest@29.7.0 from lock file
npm error Missing: deepmerge@4.3.1 from lock file
npm error Missing: jest-circus@29.7.0 from lock file
npm error Missing: jest-environment-node@29.7.0 from lock file
npm error Missing: jest-get-type@29.6.3 from lock file
npm error Missing: parse-json@5.2.0 from lock file
npm error Missing: @types/babel__core@7.20.5 from lock file
npm error Missing: babel-preset-jest@29.6.3 from lock file
npm error Missing: @types/babel__generator@7.6.8 from lock file
npm error Missing: @types/babel__template@7.4.4 from lock file
npm error Missing: @types/babel__traverse@7.20.6 from lock file
npm error Missing: babel-plugin-jest-hoist@29.6.3 from lock file
npm error Missing: babel-preset-current-node-syntax@1.0.1 from lock file
npm error Missing: @babel/plugin-syntax-async-generators@7.8.4 from lock file
npm error Missing: @babel/plugin-syntax-bigint@7.8.3 from lock file
npm error Missing: @babel/plugin-syntax-class-properties@7.12.13 from lock file
npm error Missing: @babel/plugin-syntax-import-meta@7.10.4 from lock file
npm error Missing: @babel/plugin-syntax-json-strings@7.8.3 from lock file
npm error Missing: @babel/plugin-syntax-logical-assignment-operators@7.10.4 from lock file
npm error Missing: @babel/plugin-syntax-nullish-coalescing-operator@7.8.3 from lock file
npm error Missing: @babel/plugin-syntax-numeric-separator@7.10.4 from lock file
npm error Missing: @babel/plugin-syntax-object-rest-spread@7.8.3 from lock file
npm error Missing: @babel/plugin-syntax-optional-catch-binding@7.8.3 from lock file
npm error Missing: @babel/plugin-syntax-optional-chaining@7.8.3 from lock file
npm error Missing: @babel/plugin-syntax-top-level-await@7.14.5 from lock file
npm error Missing: @jest/environment@29.7.0 from lock file
npm error Missing: @jest/expect@29.7.0 from lock file
npm error Missing: co@4.6.0 from lock file
npm error Missing: dedent@1.5.3 from lock file
npm error Missing: is-generator-fn@2.1.0 from lock file
npm error Missing: jest-each@29.7.0 from lock file
npm error Missing: jest-matcher-utils@29.7.0 from lock file
npm error Missing: pure-rand@6.1.0 from lock file
npm error Missing: stack-utils@2.0.6 from lock file
npm error Missing: @jest/fake-timers@29.7.0 from lock file
npm error Missing: jest-mock@29.7.0 from lock file
npm error Missing: expect@29.7.0 from lock file
npm error Missing: @sinonjs/fake-timers@10.3.0 from lock file
npm error Missing: @sinonjs/commons@3.0.1 from lock file
npm error Missing: type-detect@4.0.8 from lock file
npm error Missing: @jest/expect-utils@29.7.0 from lock file
npm error Missing: @types/graceful-fs@4.1.9 from lock file
npm error Missing: anymatch@3.1.3 from lock file
npm error Missing: fb-watchman@2.0.2 from lock file
npm error Missing: fsevents@2.3.3 from lock file
npm error Missing: walker@1.0.8 from lock file
npm error Missing: normalize-path@3.0.0 from lock file
npm error Missing: picomatch@2.3.1 from lock file
npm error Missing: bser@2.1.1 from lock file
npm error Missing: node-int64@0.4.0 from lock file
npm error Missing: jest-diff@29.7.0 from lock file
npm error Missing: diff-sequences@29.6.3 from lock file
npm error Missing: @types/stack-utils@2.0.3 from lock file
npm error Missing: jest-pnp-resolver@1.2.3 from lock file
npm error Missing: resolve@1.22.8 from lock file
npm error Missing: resolve.exports@2.0.2 from lock file
npm error Missing: emittery@0.13.1 from lock file
npm error Missing: jest-docblock@29.7.0 from lock file
npm error Missing: jest-leak-detector@29.7.0 from lock file
npm error Missing: source-map-support@0.5.13 from lock file
npm error Missing: detect-newline@3.1.0 from lock file
npm error Missing: @jest/globals@29.7.0 from lock file
npm error Missing: @jest/source-map@29.6.3 from lock file
npm error Missing: cjs-module-lexer@1.3.1 from lock file
npm error Missing: strip-bom@4.0.0 from lock file
npm error Missing: @babel/plugin-syntax-jsx@7.24.7 from lock file
npm error Missing: @babel/plugin-syntax-typescript@7.24.7 from lock file
npm error Missing: camelcase@6.3.0 from lock file
npm error Missing: leven@3.1.0 from lock file
npm error Missing: supports-color@8.1.1 from lock file
npm error Missing: braces@3.0.3 from lock file
npm error Missing: fill-range@7.1.1 from lock file
npm error Missing: to-regex-range@5.0.1 from lock file
npm error Missing: mimic-fn@2.1.0 from lock file
npm error Missing: error-ex@1.3.2 from lock file
npm error Missing: json-parse-even-better-errors@2.3.1 from lock file
npm error Missing: lines-and-columns@1.2.4 from lock file
npm error Missing: is-arrayish@0.2.1 from lock file
npm error Missing: find-up@4.1.0 from lock file
npm error Missing: ansi-styles@5.2.0 from lock file
npm error Missing: react-is@18.3.1 from lock file
npm error Missing: kleur@3.0.3 from lock file
npm error Missing: sisteransi@1.0.5 from lock file
npm error Missing: is-core-module@2.13.1 from lock file
npm error Missing: path-parse@1.0.7 from lock file
npm error Missing: supports-preserve-symlinks-flag@1.0.0 from lock file
npm error Missing: resolve-from@5.0.0 from lock file
npm error Missing: buffer-from@1.1.2 from lock file
npm error Missing: escape-string-regexp@2.0.0 from lock file
npm error Missing: char-regex@1.0.2 from lock file
npm error Missing: is-number@7.0.0 from lock file
npm error Missing: makeerror@1.0.12 from lock file
npm error Missing: tmpl@1.0.5 from lock file
npm error Missing: yallist@3.1.1 from lock file
npm error Missing: ansi-styles@3.2.1 from lock file
npm error Missing: escape-string-regexp@1.0.5 from lock file
npm error Missing: supports-color@5.5.0 from lock file
npm error Missing: color-convert@1.9.3 from lock file
npm error Missing: color-name@1.1.3 from lock file
npm error Missing: has-flag@3.0.0 from lock file
npm error Missing: locate-path@5.0.0 from lock file
npm error Missing: argparse@1.0.10 from lock file
npm error Missing: esprima@4.0.1 from lock file
npm error Missing: sprintf-js@1.0.3 from lock file
npm error Missing: p-locate@4.1.0 from lock file
npm error Missing: p-limit@2.3.0 from lock file
npm error Missing: p-try@2.2.0 from lock file
npm error Missing: semver@6.3.1 from lock file
npm error Missing: locate-path@5.0.0 from lock file
npm error Missing: p-locate@4.1.0 from lock file
npm error Missing: p-limit@2.3.0 from lock file
npm error
npm error Clean install a project
npm error
npm error Usage:
npm error npm ci
npm error
npm error Options:
npm error [--install-strategy <hoisted|nested|shallow|linked>] [--legacy-bundling]
npm error [--global-style] [--omit <dev|optional|peer> [--omit <dev|optional|peer> ...]]
npm error [--include <prod|dev|optional|peer> [--include <prod|dev|optional|peer> ...]]
npm error [--strict-peer-deps] [--foreground-scripts] [--ignore-scripts] [--no-audit]
npm error [--no-bin-links] [--no-fund] [--dry-run]
npm error [-w|--workspace <workspace-name> [-w|--workspace <workspace-name> ...]]
npm error [-ws|--workspaces] [--include-workspace-root] [--install-links]
npm error
npm error aliases: clean-install, ic, install-clean, isntall-clean
npm error
npm error Run "npm help ci" for more info

npm error A complete log of this run can be found in: /www-data-home/.npm/_logs/2024-06-06T16_14_06_670Z-debug-0.log. For more details see the logs at https://console.cloud.google.com/cloud-build/builds;region=us-central1/2d5e42c1-9f0a-407d-8aff-4f91c6bfb8ec?project=39178525801.
[debug] [2024-06-06T16:14:42.114Z] Total Function Deployment time: 67019
[debug] [2024-06-06T16:14:42.114Z] 1 Functions Deployed
[debug] [2024-06-06T16:14:42.114Z] 1 Functions Errored
[debug] [2024-06-06T16:14:42.114Z] 0 Function Deployments Aborted
[debug] [2024-06-06T16:14:42.114Z] Average Function Deployment time: 67018
[info] 
[info] Functions deploy had errors with the following functions:
	app(us-central1)
[debug] [2024-06-06T16:14:42.319Z] Not printing URL for HTTPS function. Typically this means it didn't match a filter or we failed deployment
[info] i  functions: cleaning up build files... 
[debug] [2024-06-06T16:14:42.321Z] >>> [apiv2][query] DELETE https://artifactregistry.googleapis.com/v1beta2/projects/vinilapp-c328e/locations/us-central1/repositories/gcf-artifacts/packages/app [none]
[debug] [2024-06-06T16:14:42.323Z] >>> [apiv2][query] GET https://us.gcr.io/v2/vinilapp-c328e/gcf/us-central1/tags/list [none]
[debug] [2024-06-06T16:14:43.073Z] <<< [apiv2][status] GET https://us.gcr.io/v2/vinilapp-c328e/gcf/us-central1/tags/list 404
[debug] [2024-06-06T16:14:43.073Z] <<< [apiv2][body] GET https://us.gcr.io/v2/vinilapp-c328e/gcf/us-central1/tags/list {"errors":[{"code":"NAME_UNKNOWN","message":"Repository \"us.gcr.io\" not found"}]}
[debug] [2024-06-06T16:14:43.074Z] Failed docker command with error  HTTP Error: 404, Not Found {"name":"FirebaseError","children":[],"context":{"body":{"errors":[{"code":"NAME_UNKNOWN","message":"Repository \"us.gcr.io\" not found"}],"error":{"message":"Not Found"}},"response":{"statusCode":404}},"exit":1,"message":"HTTP Error: 404, Not Found","status":404}
[debug] [2024-06-06T16:14:43.076Z] >>> [apiv2][query] GET https://us.gcr.io/v2/vinilapp-c328e/gcf/us-central1/tags/list [none]
[debug] [2024-06-06T16:14:43.266Z] <<< [apiv2][status] DELETE https://artifactregistry.googleapis.com/v1beta2/projects/vinilapp-c328e/locations/us-central1/repositories/gcf-artifacts/packages/app 404
[debug] [2024-06-06T16:14:43.266Z] <<< [apiv2][body] DELETE https://artifactregistry.googleapis.com/v1beta2/projects/vinilapp-c328e/locations/us-central1/repositories/gcf-artifacts/packages/app {"error":{"code":404,"message":"Package \"projects/vinilapp-c328e/locations/us-central1/repositories/gcf-artifacts/packages/app\" was not found.","status":"NOT_FOUND"}}
[debug] [2024-06-06T16:14:43.318Z] <<< [apiv2][status] GET https://us.gcr.io/v2/vinilapp-c328e/gcf/us-central1/tags/list 404
[debug] [2024-06-06T16:14:43.318Z] <<< [apiv2][body] GET https://us.gcr.io/v2/vinilapp-c328e/gcf/us-central1/tags/list {"errors":[{"code":"NAME_UNKNOWN","message":"Repository \"us.gcr.io\" not found"}]}
[debug] [2024-06-06T16:14:43.318Z] Failed docker command with error  HTTP Error: 404, Not Found {"name":"FirebaseError","children":[],"context":{"body":{"errors":[{"code":"NAME_UNKNOWN","message":"Repository \"us.gcr.io\" not found"}],"error":{"message":"Not Found"}},"response":{"statusCode":404}},"exit":1,"message":"HTTP Error: 404, Not Found","status":404}
[debug] [2024-06-06T16:14:43.423Z] >>> [apiv2][query] GET https://us.gcr.io/v2/vinilapp-c328e/gcf/us-central1/tags/list [none]
[debug] [2024-06-06T16:14:43.687Z] <<< [apiv2][status] GET https://us.gcr.io/v2/vinilapp-c328e/gcf/us-central1/tags/list 404
[debug] [2024-06-06T16:14:43.687Z] <<< [apiv2][body] GET https://us.gcr.io/v2/vinilapp-c328e/gcf/us-central1/tags/list {"errors":[{"code":"NAME_UNKNOWN","message":"Repository \"us.gcr.io\" not found"}]}
[debug] [2024-06-06T16:14:43.687Z] Failed docker command with error  HTTP Error: 404, Not Found {"name":"FirebaseError","children":[],"context":{"body":{"errors":[{"code":"NAME_UNKNOWN","message":"Repository \"us.gcr.io\" not found"}],"error":{"message":"Not Found"}},"response":{"statusCode":404}},"exit":1,"message":"HTTP Error: 404, Not Found","status":404}
[warn] ⚠  functions: Unhandled error cleaning up build images. This could result in a small monthly bill if not corrected. You can attempt to delete these images by redeploying or you can delete them manually at https://console.cloud.google.com/gcr/images/vinilapp-c328e/us/gcf 
[debug] [2024-06-06T16:14:43.688Z] Functions deploy failed.
[debug] [2024-06-06T16:14:43.688Z] {
  "endpoint": {
    "id": "app",
    "project": "vinilapp-c328e",
    "region": "us-central1",
    "entryPoint": "app",
    "platform": "gcfv2",
    "runtime": "nodejs18",
    "httpsTrigger": {},
    "labels": {
      "deployment-tool": "cli-firebase"
    },
    "ingressSettings": null,
    "availableMemoryMb": null,
    "serviceAccount": null,
    "timeoutSeconds": null,
    "maxInstances": null,
    "minInstances": null,
    "concurrency": 80,
    "vpc": null,
    "environmentVariables": {
      "FIREBASE_CONFIG": "{\"projectId\":\"vinilapp-c328e\",\"databaseURL\":\"https://vinilapp-c328e-default-rtdb.europe-west1.firebasedatabase.app\",\"storageBucket\":\"vinilapp-c328e.appspot.com\",\"locationId\":\"europe-west\"}",
      "GCLOUD_PROJECT": "vinilapp-c328e",
      "EVENTARC_CLOUD_EVENT_SOURCE": "projects/vinilapp-c328e/locations/us-central1/services/app"
    },
    "codebase": "default",
    "cpu": 1,
    "targetedByOnly": false,
    "hash": "7a52a147778bc63e1c0075e448362cc9767daaf5"
  },
  "op": "create",
  "original": {
    "name": "FirebaseError",
    "children": [],
    "exit": 1,
    "message": "Build failed with status: FAILURE and message: npm error code EUSAGE\nnpm error\nnpm error `npm ci` can only install packages when your package.json and package-lock.json or npm-shrinkwrap.json are in sync. Please update your lock file with `npm install` before continuing.\nnpm error\nnpm error Missing: jest@29.7.0 from lock file\nnpm error Missing: @jest/core@29.7.0 from lock file\nnpm error Missing: @jest/types@29.6.3 from lock file\nnpm error Missing: import-local@3.1.0 from lock file\nnpm error Missing: jest-cli@29.7.0 from lock file\nnpm error Missing: @jest/console@29.7.0 from lock file\nnpm error Missing: @jest/reporters@29.7.0 from lock file\nnpm error Missing: @jest/test-result@29.7.0 from lock file\nnpm error Missing: @jest/transform@29.7.0 from lock file\nnpm error Missing: ansi-escapes@4.3.2 from lock file\nnpm error Missing: ci-info@3.9.0 from lock file\nnpm error Missing: exit@0.1.2 from lock file\nnpm error Missing: graceful-fs@4.2.11 from lock file\nnpm error Missing: jest-changed-files@29.7.0 from lock file\nnpm error Missing: jest-config@29.7.0 from lock file\nnpm error Missing: jest-haste-map@29.7.0 from lock file\nnpm error Missing: jest-message-util@29.7.0 from lock file\nnpm error Missing: jest-regex-util@29.6.3 from lock file\nnpm error Missing: jest-resolve@29.7.0 from lock file\nnpm error Missing: jest-resolve-dependencies@29.7.0 from lock file\nnpm error Missing: jest-runner@29.7.0 from lock file\nnpm error Missing: jest-runtime@29.7.0 from lock file\nnpm error Missing: jest-snapshot@29.7.0 from lock file\nnpm error Missing: jest-util@29.7.0 from lock file\nnpm error Missing: jest-validate@29.7.0 from lock file\nnpm error Missing: jest-watcher@29.7.0 from lock file\nnpm error Missing: micromatch@4.0.7 from lock file\nnpm error Missing: pretty-format@29.7.0 from lock file\nnpm error Missing: slash@3.0.0 from lock file\nnpm error Missing: @bcoe/v8-coverage@0.2.3 from lock file\nnpm error Missing: @jridgewell/trace-mapping@0.3.25 from lock file\nnpm error Missing: collect-v8-coverage@1.0.2 from lock file\nnpm error Missing: istanbul-lib-coverage@3.2.2 from lock file\nnpm error Missing: istanbul-lib-instrument@6.0.2 from lock file\nnpm error Missing: istanbul-lib-report@3.0.1 from lock file\nnpm error Missing: istanbul-lib-source-maps@4.0.1 from lock file\nnpm error Missing: istanbul-reports@3.1.7 from lock file\nnpm error Missing: jest-worker@29.7.0 from lock file\nnpm error Missing: string-length@4.0.2 from lock file\nnpm error Missing: v8-to-istanbul@9.2.0 from lock file\nnpm error Missing: @types/istanbul-lib-coverage@2.0.6 from lock file\nnpm error Missing: @babel/core@7.24.7 from lock file\nnpm error Missing: babel-plugin-istanbul@6.1.1 from lock file\nnpm error Missing: convert-source-map@2.0.0 from lock file\nnpm error Missing: pirates@4.0.6 from lock file\nnpm error Missing: write-file-atomic@4.0.2 from lock file\nnpm error Missing: @ampproject/remapping@2.3.0 from lock file\nnpm error Missing: @babel/code-frame@7.24.7 from lock file\nnpm error Missing: @babel/generator@7.24.7 from lock file\nnpm error Missing: @babel/helper-compilation-targets@7.24.7 from lock file\nnpm error Missing: @babel/helper-module-transforms@7.24.7 from lock file\nnpm error Missing: @babel/helpers@7.24.7 from lock file\nnpm error Missing: @babel/parser@7.24.7 from lock file\nnpm error Missing: @babel/template@7.24.7 from lock file\nnpm error Missing: @babel/traverse@7.24.7 from lock file\nnpm error Missing: @babel/types@7.24.7 from lock file\nnpm error Missing: gensync@1.0.0-beta.2 from lock file\nnpm error Missing: json5@2.2.3 from lock file\nnpm error Missing: semver@6.3.1 from lock file\nnpm error Missing: @jridgewell/gen-mapping@0.3.5 from lock file\nnpm error Missing: @babel/highlight@7.24.7 from lock file\nnpm error Missing: picocolors@1.0.1 from lock file\nnpm error Missing: jsesc@2.5.2 from lock file\nnpm error Missing: @babel/compat-data@7.24.7 from lock file\nnpm error Missing: @babel/helper-validator-option@7.24.7 from lock file\nnpm error Missing: browserslist@4.23.0 from lock file\nnpm error Missing: lru-cache@5.1.1 from lock file\nnpm error Missing: semver@6.3.1 from lock file\nnpm error Missing: @babel/helper-environment-visitor@7.24.7 from lock file\nnpm error Missing: @babel/helper-module-imports@7.24.7 from lock file\nnpm error Missing: @babel/helper-simple-access@7.24.7 from lock file\nnpm error Missing: @babel/helper-split-export-declaration@7.24.7 from lock file\nnpm error Missing: @babel/helper-validator-identifier@7.24.7 from lock file\nnpm error Missing: chalk@2.4.2 from lock file\nnpm error Missing: js-tokens@4.0.0 from lock file\nnpm error Missing: @babel/helper-function-name@7.24.7 from lock file\nnpm error Missing: @babel/helper-hoist-variables@7.24.7 from lock file\nnpm error Missing: globals@11.12.0 from lock file\nnpm error Missing: @babel/helper-string-parser@7.24.7 from lock file\nnpm error Missing: to-fast-properties@2.0.0 from lock file\nnpm error Missing: @jest/schemas@29.6.3 from lock file\nnpm error Missing: @types/istanbul-reports@3.0.4 from lock file\nnpm error Missing: @types/yargs@17.0.32 from lock file\nnpm error Missing: @sinclair/typebox@0.27.8 from lock file\nnpm error Missing: @jridgewell/set-array@1.2.1 from lock file\nnpm error Missing: @jridgewell/sourcemap-codec@1.4.15 from lock file\nnpm error Missing: @jridgewell/resolve-uri@3.1.2 from lock file\nnpm error Missing: @types/istanbul-lib-report@3.0.3 from lock file\nnpm error Missing: @types/yargs-parser@21.0.3 from lock file\nnpm error Missing: type-fest@0.21.3 from lock file\nnpm error Missing: @babel/helper-plugin-utils@7.24.7 from lock file\nnpm error Missing: @istanbuljs/load-nyc-config@1.1.0 from lock file\nnpm error Missing: @istanbuljs/schema@0.1.3 from lock file\nnpm error Missing: istanbul-lib-instrument@5.2.1 from lock file\nnpm error Missing: test-exclude@6.0.0 from lock file\nnpm error Missing: camelcase@5.3.1 from lock file\nnpm error Missing: find-up@4.1.0 from lock file\nnpm error Missing: get-package-type@0.1.0 from lock file\nnpm error Missing: js-yaml@3.14.1 from lock file\nnpm error Missing: resolve-from@5.0.0 from lock file\nnpm error Missing: caniuse-lite@1.0.30001629 from lock file\nnpm error Missing: electron-to-chromium@1.4.792 from lock file\nnpm error Missing: node-releases@2.0.14 from lock file\nnpm error Missing: update-browserslist-db@1.0.16 from lock file\nnpm error Missing: pkg-dir@4.2.0 from lock file\nnpm error Missing: resolve-cwd@3.0.0 from lock file\nnpm error Missing: make-dir@4.0.0 from lock file\nnpm error Missing: source-map@0.6.1 from lock file\nnpm error Missing: html-escaper@2.0.2 from lock file\nnpm error Missing: execa@5.1.1 from lock file\nnpm error Missing: get-stream@6.0.1 from lock file\nnpm error Missing: human-signals@2.1.0 from lock file\nnpm error Missing: merge-stream@2.0.0 from lock file\nnpm error Missing: npm-run-path@4.0.1 from lock file\nnpm error Missing: onetime@5.1.2 from lock file\nnpm error Missing: signal-exit@3.0.7 from lock file\nnpm error Missing: strip-final-newline@2.0.0 from lock file\nnpm error Missing: create-jest@29.7.0 from lock file\nnpm error Missing: prompts@2.4.2 from lock file\nnpm error Missing: @jest/test-sequencer@29.7.0 from lock file\nnpm error Missing: babel-jest@29.7.0 from lock file\nnpm error Missing: deepmerge@4.3.1 from lock file\nnpm error Missing: jest-circus@29.7.0 from lock file\nnpm error Missing: jest-environment-node@29.7.0 from lock file\nnpm error Missing: jest-get-type@29.6.3 from lock file\nnpm error Missing: parse-json@5.2.0 from lock file\nnpm error Missing: @types/babel__core@7.20.5 from lock file\nnpm error Missing: babel-preset-jest@29.6.3 from lock file\nnpm error Missing: @types/babel__generator@7.6.8 from lock file\nnpm error Missing: @types/babel__template@7.4.4 from lock file\nnpm error Missing: @types/babel__traverse@7.20.6 from lock file\nnpm error Missing: babel-plugin-jest-hoist@29.6.3 from lock file\nnpm error Missing: babel-preset-current-node-syntax@1.0.1 from lock file\nnpm error Missing: @babel/plugin-syntax-async-generators@7.8.4 from lock file\nnpm error Missing: @babel/plugin-syntax-bigint@7.8.3 from lock file\nnpm error Missing: @babel/plugin-syntax-class-properties@7.12.13 from lock file\nnpm error Missing: @babel/plugin-syntax-import-meta@7.10.4 from lock file\nnpm error Missing: @babel/plugin-syntax-json-strings@7.8.3 from lock file\nnpm error Missing: @babel/plugin-syntax-logical-assignment-operators@7.10.4 from lock file\nnpm error Missing: @babel/plugin-syntax-nullish-coalescing-operator@7.8.3 from lock file\nnpm error Missing: @babel/plugin-syntax-numeric-separator@7.10.4 from lock file\nnpm error Missing: @babel/plugin-syntax-object-rest-spread@7.8.3 from lock file\nnpm error Missing: @babel/plugin-syntax-optional-catch-binding@7.8.3 from lock file\nnpm error Missing: @babel/plugin-syntax-optional-chaining@7.8.3 from lock file\nnpm error Missing: @babel/plugin-syntax-top-level-await@7.14.5 from lock file\nnpm error Missing: @jest/environment@29.7.0 from lock file\nnpm error Missing: @jest/expect@29.7.0 from lock file\nnpm error Missing: co@4.6.0 from lock file\nnpm error Missing: dedent@1.5.3 from lock file\nnpm error Missing: is-generator-fn@2.1.0 from lock file\nnpm error Missing: jest-each@29.7.0 from lock file\nnpm error Missing: jest-matcher-utils@29.7.0 from lock file\nnpm error Missing: pure-rand@6.1.0 from lock file\nnpm error Missing: stack-utils@2.0.6 from lock file\nnpm error Missing: @jest/fake-timers@29.7.0 from lock file\nnpm error Missing: jest-mock@29.7.0 from lock file\nnpm error Missing: expect@29.7.0 from lock file\nnpm error Missing: @sinonjs/fake-timers@10.3.0 from lock file\nnpm error Missing: @sinonjs/commons@3.0.1 from lock file\nnpm error Missing: type-detect@4.0.8 from lock file\nnpm error Missing: @jest/expect-utils@29.7.0 from lock file\nnpm error Missing: @types/graceful-fs@4.1.9 from lock file\nnpm error Missing: anymatch@3.1.3 from lock file\nnpm error Missing: fb-watchman@2.0.2 from lock file\nnpm error Missing: fsevents@2.3.3 from lock file\nnpm error Missing: walker@1.0.8 from lock file\nnpm error Missing: normalize-path@3.0.0 from lock file\nnpm error Missing: picomatch@2.3.1 from lock file\nnpm error Missing: bser@2.1.1 from lock file\nnpm error Missing: node-int64@0.4.0 from lock file\nnpm error Missing: jest-diff@29.7.0 from lock file\nnpm error Missing: diff-sequences@29.6.3 from lock file\nnpm error Missing: @types/stack-utils@2.0.3 from lock file\nnpm error Missing: jest-pnp-resolver@1.2.3 from lock file\nnpm error Missing: resolve@1.22.8 from lock file\nnpm error Missing: resolve.exports@2.0.2 from lock file\nnpm error Missing: emittery@0.13.1 from lock file\nnpm error Missing: jest-docblock@29.7.0 from lock file\nnpm error Missing: jest-leak-detector@29.7.0 from lock file\nnpm error Missing: source-map-support@0.5.13 from lock file\nnpm error Missing: detect-newline@3.1.0 from lock file\nnpm error Missing: @jest/globals@29.7.0 from lock file\nnpm error Missing: @jest/source-map@29.6.3 from lock file\nnpm error Missing: cjs-module-lexer@1.3.1 from lock file\nnpm error Missing: strip-bom@4.0.0 from lock file\nnpm error Missing: @babel/plugin-syntax-jsx@7.24.7 from lock file\nnpm error Missing: @babel/plugin-syntax-typescript@7.24.7 from lock file\nnpm error Missing: camelcase@6.3.0 from lock file\nnpm error Missing: leven@3.1.0 from lock file\nnpm error Missing: supports-color@8.1.1 from lock file\nnpm error Missing: braces@3.0.3 from lock file\nnpm error Missing: fill-range@7.1.1 from lock file\nnpm error Missing: to-regex-range@5.0.1 from lock file\nnpm error Missing: mimic-fn@2.1.0 from lock file\nnpm error Missing: error-ex@1.3.2 from lock file\nnpm error Missing: json-parse-even-better-errors@2.3.1 from lock file\nnpm error Missing: lines-and-columns@1.2.4 from lock file\nnpm error Missing: is-arrayish@0.2.1 from lock file\nnpm error Missing: find-up@4.1.0 from lock file\nnpm error Missing: ansi-styles@5.2.0 from lock file\nnpm error Missing: react-is@18.3.1 from lock file\nnpm error Missing: kleur@3.0.3 from lock file\nnpm error Missing: sisteransi@1.0.5 from lock file\nnpm error Missing: is-core-module@2.13.1 from lock file\nnpm error Missing: path-parse@1.0.7 from lock file\nnpm error Missing: supports-preserve-symlinks-flag@1.0.0 from lock file\nnpm error Missing: resolve-from@5.0.0 from lock file\nnpm error Missing: buffer-from@1.1.2 from lock file\nnpm error Missing: escape-string-regexp@2.0.0 from lock file\nnpm error Missing: char-regex@1.0.2 from lock file\nnpm error Missing: is-number@7.0.0 from lock file\nnpm error Missing: makeerror@1.0.12 from lock file\nnpm error Missing: tmpl@1.0.5 from lock file\nnpm error Missing: yallist@3.1.1 from lock file\nnpm error Missing: ansi-styles@3.2.1 from lock file\nnpm error Missing: escape-string-regexp@1.0.5 from lock file\nnpm error Missing: supports-color@5.5.0 from lock file\nnpm error Missing: color-convert@1.9.3 from lock file\nnpm error Missing: color-name@1.1.3 from lock file\nnpm error Missing: has-flag@3.0.0 from lock file\nnpm error Missing: locate-path@5.0.0 from lock file\nnpm error Missing: argparse@1.0.10 from lock file\nnpm error Missing: esprima@4.0.1 from lock file\nnpm error Missing: sprintf-js@1.0.3 from lock file\nnpm error Missing: p-locate@4.1.0 from lock file\nnpm error Missing: p-limit@2.3.0 from lock file\nnpm error Missing: p-try@2.2.0 from lock file\nnpm error Missing: semver@6.3.1 from lock file\nnpm error Missing: locate-path@5.0.0 from lock file\nnpm error Missing: p-locate@4.1.0 from lock file\nnpm error Missing: p-limit@2.3.0 from lock file\nnpm error\nnpm error Clean install a project\nnpm error\nnpm error Usage:\nnpm error npm ci\nnpm error\nnpm error Options:\nnpm error [--install-strategy <hoisted|nested|shallow|linked>] [--legacy-bundling]\nnpm error [--global-style] [--omit <dev|optional|peer> [--omit <dev|optional|peer> ...]]\nnpm error [--include <prod|dev|optional|peer> [--include <prod|dev|optional|peer> ...]]\nnpm error [--strict-peer-deps] [--foreground-scripts] [--ignore-scripts] [--no-audit]\nnpm error [--no-bin-links] [--no-fund] [--dry-run]\nnpm error [-w|--workspace <workspace-name> [-w|--workspace <workspace-name> ...]]\nnpm error [-ws|--workspaces] [--include-workspace-root] [--install-links]\nnpm error\nnpm error aliases: clean-install, ic, install-clean, isntall-clean\nnpm error\nnpm error Run \"npm help ci\" for more info\n\nnpm error A complete log of this run can be found in: /www-data-home/.npm/_logs/2024-06-06T16_14_06_670Z-debug-0.log. For more details see the logs at https://console.cloud.google.com/cloud-build/builds;region=us-central1/2d5e42c1-9f0a-407d-8aff-4f91c6bfb8ec?project=39178525801.",
    "original": {
      "code": 3,
      "message": "Build failed with status: FAILURE and message: npm error code EUSAGE\nnpm error\nnpm error `npm ci` can only install packages when your package.json and package-lock.json or npm-shrinkwrap.json are in sync. Please update your lock file with `npm install` before continuing.\nnpm error\nnpm error Missing: jest@29.7.0 from lock file\nnpm error Missing: @jest/core@29.7.0 from lock file\nnpm error Missing: @jest/types@29.6.3 from lock file\nnpm error Missing: import-local@3.1.0 from lock file\nnpm error Missing: jest-cli@29.7.0 from lock file\nnpm error Missing: @jest/console@29.7.0 from lock file\nnpm error Missing: @jest/reporters@29.7.0 from lock file\nnpm error Missing: @jest/test-result@29.7.0 from lock file\nnpm error Missing: @jest/transform@29.7.0 from lock file\nnpm error Missing: ansi-escapes@4.3.2 from lock file\nnpm error Missing: ci-info@3.9.0 from lock file\nnpm error Missing: exit@0.1.2 from lock file\nnpm error Missing: graceful-fs@4.2.11 from lock file\nnpm error Missing: jest-changed-files@29.7.0 from lock file\nnpm error Missing: jest-config@29.7.0 from lock file\nnpm error Missing: jest-haste-map@29.7.0 from lock file\nnpm error Missing: jest-message-util@29.7.0 from lock file\nnpm error Missing: jest-regex-util@29.6.3 from lock file\nnpm error Missing: jest-resolve@29.7.0 from lock file\nnpm error Missing: jest-resolve-dependencies@29.7.0 from lock file\nnpm error Missing: jest-runner@29.7.0 from lock file\nnpm error Missing: jest-runtime@29.7.0 from lock file\nnpm error Missing: jest-snapshot@29.7.0 from lock file\nnpm error Missing: jest-util@29.7.0 from lock file\nnpm error Missing: jest-validate@29.7.0 from lock file\nnpm error Missing: jest-watcher@29.7.0 from lock file\nnpm error Missing: micromatch@4.0.7 from lock file\nnpm error Missing: pretty-format@29.7.0 from lock file\nnpm error Missing: slash@3.0.0 from lock file\nnpm error Missing: @bcoe/v8-coverage@0.2.3 from lock file\nnpm error Missing: @jridgewell/trace-mapping@0.3.25 from lock file\nnpm error Missing: collect-v8-coverage@1.0.2 from lock file\nnpm error Missing: istanbul-lib-coverage@3.2.2 from lock file\nnpm error Missing: istanbul-lib-instrument@6.0.2 from lock file\nnpm error Missing: istanbul-lib-report@3.0.1 from lock file\nnpm error Missing: istanbul-lib-source-maps@4.0.1 from lock file\nnpm error Missing: istanbul-reports@3.1.7 from lock file\nnpm error Missing: jest-worker@29.7.0 from lock file\nnpm error Missing: string-length@4.0.2 from lock file\nnpm error Missing: v8-to-istanbul@9.2.0 from lock file\nnpm error Missing: @types/istanbul-lib-coverage@2.0.6 from lock file\nnpm error Missing: @babel/core@7.24.7 from lock file\nnpm error Missing: babel-plugin-istanbul@6.1.1 from lock file\nnpm error Missing: convert-source-map@2.0.0 from lock file\nnpm error Missing: pirates@4.0.6 from lock file\nnpm error Missing: write-file-atomic@4.0.2 from lock file\nnpm error Missing: @ampproject/remapping@2.3.0 from lock file\nnpm error Missing: @babel/code-frame@7.24.7 from lock file\nnpm error Missing: @babel/generator@7.24.7 from lock file\nnpm error Missing: @babel/helper-compilation-targets@7.24.7 from lock file\nnpm error Missing: @babel/helper-module-transforms@7.24.7 from lock file\nnpm error Missing: @babel/helpers@7.24.7 from lock file\nnpm error Missing: @babel/parser@7.24.7 from lock file\nnpm error Missing: @babel/template@7.24.7 from lock file\nnpm error Missing: @babel/traverse@7.24.7 from lock file\nnpm error Missing: @babel/types@7.24.7 from lock file\nnpm error Missing: gensync@1.0.0-beta.2 from lock file\nnpm error Missing: json5@2.2.3 from lock file\nnpm error Missing: semver@6.3.1 from lock file\nnpm error Missing: @jridgewell/gen-mapping@0.3.5 from lock file\nnpm error Missing: @babel/highlight@7.24.7 from lock file\nnpm error Missing: picocolors@1.0.1 from lock file\nnpm error Missing: jsesc@2.5.2 from lock file\nnpm error Missing: @babel/compat-data@7.24.7 from lock file\nnpm error Missing: @babel/helper-validator-option@7.24.7 from lock file\nnpm error Missing: browserslist@4.23.0 from lock file\nnpm error Missing: lru-cache@5.1.1 from lock file\nnpm error Missing: semver@6.3.1 from lock file\nnpm error Missing: @babel/helper-environment-visitor@7.24.7 from lock file\nnpm error Missing: @babel/helper-module-imports@7.24.7 from lock file\nnpm error Missing: @babel/helper-simple-access@7.24.7 from lock file\nnpm error Missing: @babel/helper-split-export-declaration@7.24.7 from lock file\nnpm error Missing: @babel/helper-validator-identifier@7.24.7 from lock file\nnpm error Missing: chalk@2.4.2 from lock file\nnpm error Missing: js-tokens@4.0.0 from lock file\nnpm error Missing: @babel/helper-function-name@7.24.7 from lock file\nnpm error Missing: @babel/helper-hoist-variables@7.24.7 from lock file\nnpm error Missing: globals@11.12.0 from lock file\nnpm error Missing: @babel/helper-string-parser@7.24.7 from lock file\nnpm error Missing: to-fast-properties@2.0.0 from lock file\nnpm error Missing: @jest/schemas@29.6.3 from lock file\nnpm error Missing: @types/istanbul-reports@3.0.4 from lock file\nnpm error Missing: @types/yargs@17.0.32 from lock file\nnpm error Missing: @sinclair/typebox@0.27.8 from lock file\nnpm error Missing: @jridgewell/set-array@1.2.1 from lock file\nnpm error Missing: @jridgewell/sourcemap-codec@1.4.15 from lock file\nnpm error Missing: @jridgewell/resolve-uri@3.1.2 from lock file\nnpm error Missing: @types/istanbul-lib-report@3.0.3 from lock file\nnpm error Missing: @types/yargs-parser@21.0.3 from lock file\nnpm error Missing: type-fest@0.21.3 from lock file\nnpm error Missing: @babel/helper-plugin-utils@7.24.7 from lock file\nnpm error Missing: @istanbuljs/load-nyc-config@1.1.0 from lock file\nnpm error Missing: @istanbuljs/schema@0.1.3 from lock file\nnpm error Missing: istanbul-lib-instrument@5.2.1 from lock file\nnpm error Missing: test-exclude@6.0.0 from lock file\nnpm error Missing: camelcase@5.3.1 from lock file\nnpm error Missing: find-up@4.1.0 from lock file\nnpm error Missing: get-package-type@0.1.0 from lock file\nnpm error Missing: js-yaml@3.14.1 from lock file\nnpm error Missing: resolve-from@5.0.0 from lock file\nnpm error Missing: caniuse-lite@1.0.30001629 from lock file\nnpm error Missing: electron-to-chromium@1.4.792 from lock file\nnpm error Missing: node-releases@2.0.14 from lock file\nnpm error Missing: update-browserslist-db@1.0.16 from lock file\nnpm error Missing: pkg-dir@4.2.0 from lock file\nnpm error Missing: resolve-cwd@3.0.0 from lock file\nnpm error Missing: make-dir@4.0.0 from lock file\nnpm error Missing: source-map@0.6.1 from lock file\nnpm error Missing: html-escaper@2.0.2 from lock file\nnpm error Missing: execa@5.1.1 from lock file\nnpm error Missing: get-stream@6.0.1 from lock file\nnpm error Missing: human-signals@2.1.0 from lock file\nnpm error Missing: merge-stream@2.0.0 from lock file\nnpm error Missing: npm-run-path@4.0.1 from lock file\nnpm error Missing: onetime@5.1.2 from lock file\nnpm error Missing: signal-exit@3.0.7 from lock file\nnpm error Missing: strip-final-newline@2.0.0 from lock file\nnpm error Missing: create-jest@29.7.0 from lock file\nnpm error Missing: prompts@2.4.2 from lock file\nnpm error Missing: @jest/test-sequencer@29.7.0 from lock file\nnpm error Missing: babel-jest@29.7.0 from lock file\nnpm error Missing: deepmerge@4.3.1 from lock file\nnpm error Missing: jest-circus@29.7.0 from lock file\nnpm error Missing: jest-environment-node@29.7.0 from lock file\nnpm error Missing: jest-get-type@29.6.3 from lock file\nnpm error Missing: parse-json@5.2.0 from lock file\nnpm error Missing: @types/babel__core@7.20.5 from lock file\nnpm error Missing: babel-preset-jest@29.6.3 from lock file\nnpm error Missing: @types/babel__generator@7.6.8 from lock file\nnpm error Missing: @types/babel__template@7.4.4 from lock file\nnpm error Missing: @types/babel__traverse@7.20.6 from lock file\nnpm error Missing: babel-plugin-jest-hoist@29.6.3 from lock file\nnpm error Missing: babel-preset-current-node-syntax@1.0.1 from lock file\nnpm error Missing: @babel/plugin-syntax-async-generators@7.8.4 from lock file\nnpm error Missing: @babel/plugin-syntax-bigint@7.8.3 from lock file\nnpm error Missing: @babel/plugin-syntax-class-properties@7.12.13 from lock file\nnpm error Missing: @babel/plugin-syntax-import-meta@7.10.4 from lock file\nnpm error Missing: @babel/plugin-syntax-json-strings@7.8.3 from lock file\nnpm error Missing: @babel/plugin-syntax-logical-assignment-operators@7.10.4 from lock file\nnpm error Missing: @babel/plugin-syntax-nullish-coalescing-operator@7.8.3 from lock file\nnpm error Missing: @babel/plugin-syntax-numeric-separator@7.10.4 from lock file\nnpm error Missing: @babel/plugin-syntax-object-rest-spread@7.8.3 from lock file\nnpm error Missing: @babel/plugin-syntax-optional-catch-binding@7.8.3 from lock file\nnpm error Missing: @babel/plugin-syntax-optional-chaining@7.8.3 from lock file\nnpm error Missing: @babel/plugin-syntax-top-level-await@7.14.5 from lock file\nnpm error Missing: @jest/environment@29.7.0 from lock file\nnpm error Missing: @jest/expect@29.7.0 from lock file\nnpm error Missing: co@4.6.0 from lock file\nnpm error Missing: dedent@1.5.3 from lock file\nnpm error Missing: is-generator-fn@2.1.0 from lock file\nnpm error Missing: jest-each@29.7.0 from lock file\nnpm error Missing: jest-matcher-utils@29.7.0 from lock file\nnpm error Missing: pure-rand@6.1.0 from lock file\nnpm error Missing: stack-utils@2.0.6 from lock file\nnpm error Missing: @jest/fake-timers@29.7.0 from lock file\nnpm error Missing: jest-mock@29.7.0 from lock file\nnpm error Missing: expect@29.7.0 from lock file\nnpm error Missing: @sinonjs/fake-timers@10.3.0 from lock file\nnpm error Missing: @sinonjs/commons@3.0.1 from lock file\nnpm error Missing: type-detect@4.0.8 from lock file\nnpm error Missing: @jest/expect-utils@29.7.0 from lock file\nnpm error Missing: @types/graceful-fs@4.1.9 from lock file\nnpm error Missing: anymatch@3.1.3 from lock file\nnpm error Missing: fb-watchman@2.0.2 from lock file\nnpm error Missing: fsevents@2.3.3 from lock file\nnpm error Missing: walker@1.0.8 from lock file\nnpm error Missing: normalize-path@3.0.0 from lock file\nnpm error Missing: picomatch@2.3.1 from lock file\nnpm error Missing: bser@2.1.1 from lock file\nnpm error Missing: node-int64@0.4.0 from lock file\nnpm error Missing: jest-diff@29.7.0 from lock file\nnpm error Missing: diff-sequences@29.6.3 from lock file\nnpm error Missing: @types/stack-utils@2.0.3 from lock file\nnpm error Missing: jest-pnp-resolver@1.2.3 from lock file\nnpm error Missing: resolve@1.22.8 from lock file\nnpm error Missing: resolve.exports@2.0.2 from lock file\nnpm error Missing: emittery@0.13.1 from lock file\nnpm error Missing: jest-docblock@29.7.0 from lock file\nnpm error Missing: jest-leak-detector@29.7.0 from lock file\nnpm error Missing: source-map-support@0.5.13 from lock file\nnpm error Missing: detect-newline@3.1.0 from lock file\nnpm error Missing: @jest/globals@29.7.0 from lock file\nnpm error Missing: @jest/source-map@29.6.3 from lock file\nnpm error Missing: cjs-module-lexer@1.3.1 from lock file\nnpm error Missing: strip-bom@4.0.0 from lock file\nnpm error Missing: @babel/plugin-syntax-jsx@7.24.7 from lock file\nnpm error Missing: @babel/plugin-syntax-typescript@7.24.7 from lock file\nnpm error Missing: camelcase@6.3.0 from lock file\nnpm error Missing: leven@3.1.0 from lock file\nnpm error Missing: supports-color@8.1.1 from lock file\nnpm error Missing: braces@3.0.3 from lock file\nnpm error Missing: fill-range@7.1.1 from lock file\nnpm error Missing: to-regex-range@5.0.1 from lock file\nnpm error Missing: mimic-fn@2.1.0 from lock file\nnpm error Missing: error-ex@1.3.2 from lock file\nnpm error Missing: json-parse-even-better-errors@2.3.1 from lock file\nnpm error Missing: lines-and-columns@1.2.4 from lock file\nnpm error Missing: is-arrayish@0.2.1 from lock file\nnpm error Missing: find-up@4.1.0 from lock file\nnpm error Missing: ansi-styles@5.2.0 from lock file\nnpm error Missing: react-is@18.3.1 from lock file\nnpm error Missing: kleur@3.0.3 from lock file\nnpm error Missing: sisteransi@1.0.5 from lock file\nnpm error Missing: is-core-module@2.13.1 from lock file\nnpm error Missing: path-parse@1.0.7 from lock file\nnpm error Missing: supports-preserve-symlinks-flag@1.0.0 from lock file\nnpm error Missing: resolve-from@5.0.0 from lock file\nnpm error Missing: buffer-from@1.1.2 from lock file\nnpm error Missing: escape-string-regexp@2.0.0 from lock file\nnpm error Missing: char-regex@1.0.2 from lock file\nnpm error Missing: is-number@7.0.0 from lock file\nnpm error Missing: makeerror@1.0.12 from lock file\nnpm error Missing: tmpl@1.0.5 from lock file\nnpm error Missing: yallist@3.1.1 from lock file\nnpm error Missing: ansi-styles@3.2.1 from lock file\nnpm error Missing: escape-string-regexp@1.0.5 from lock file\nnpm error Missing: supports-color@5.5.0 from lock file\nnpm error Missing: color-convert@1.9.3 from lock file\nnpm error Missing: color-name@1.1.3 from lock file\nnpm error Missing: has-flag@3.0.0 from lock file\nnpm error Missing: locate-path@5.0.0 from lock file\nnpm error Missing: argparse@1.0.10 from lock file\nnpm error Missing: esprima@4.0.1 from lock file\nnpm error Missing: sprintf-js@1.0.3 from lock file\nnpm error Missing: p-locate@4.1.0 from lock file\nnpm error Missing: p-limit@2.3.0 from lock file\nnpm error Missing: p-try@2.2.0 from lock file\nnpm error Missing: semver@6.3.1 from lock file\nnpm error Missing: locate-path@5.0.0 from lock file\nnpm error Missing: p-locate@4.1.0 from lock file\nnpm error Missing: p-limit@2.3.0 from lock file\nnpm error\nnpm error Clean install a project\nnpm error\nnpm error Usage:\nnpm error npm ci\nnpm error\nnpm error Options:\nnpm error [--install-strategy <hoisted|nested|shallow|linked>] [--legacy-bundling]\nnpm error [--global-style] [--omit <dev|optional|peer> [--omit <dev|optional|peer> ...]]\nnpm error [--include <prod|dev|optional|peer> [--include <prod|dev|optional|peer> ...]]\nnpm error [--strict-peer-deps] [--foreground-scripts] [--ignore-scripts] [--no-audit]\nnpm error [--no-bin-links] [--no-fund] [--dry-run]\nnpm error [-w|--workspace <workspace-name> [-w|--workspace <workspace-name> ...]]\nnpm error [-ws|--workspaces] [--include-workspace-root] [--install-links]\nnpm error\nnpm error aliases: clean-install, ic, install-clean, isntall-clean\nnpm error\nnpm error Run \"npm help ci\" for more info\n\nnpm error A complete log of this run can be found in: /www-data-home/.npm/_logs/2024-06-06T16_14_06_670Z-debug-0.log. For more details see the logs at https://console.cloud.google.com/cloud-build/builds;region=us-central1/2d5e42c1-9f0a-407d-8aff-4f91c6bfb8ec?project=39178525801."
    },
    "status": 3,
    "code": 3
  }
}
[debug] [2024-06-06T16:14:43.741Z] Error: Failed to create function app in region us-central1
    at /usr/local/lib/node_modules/firebase-tools/lib/deploy/functions/release/fabricator.js:294:27
    at process.processTicksAndRejections (node:internal/process/task_queues:95:5)
    at async Fabricator.createV2Function (/usr/local/lib/node_modules/firebase-tools/lib/deploy/functions/release/fabricator.js:278:30)
    at async Fabricator.createEndpoint (/usr/local/lib/node_modules/firebase-tools/lib/deploy/functions/release/fabricator.js:137:13)
    at async handle (/usr/local/lib/node_modules/firebase-tools/lib/deploy/functions/release/fabricator.js:89:17)
[error] 
[error] Error: There was an error deploying functions
